2016/12/20,11:43:48.001,[org.usfirst.frc.team5461.robot.Robot] INFO,Starting robotInit
2016/12/20,11:44:00.327,[org.usfirst.frc.team5461.robot.AveragingJoystick] INFO,-0.0546875,-0.00546875,-0.0078125,-7.8125E-4
2016/12/20,11:44:00.347,[org.usfirst.frc.team5461.robot.AveragingJoystick] INFO,-0.0546875,-0.0109375,-0.0078125,-0.0015625
2016/12/20,11:44:00.367,[org.usfirst.frc.team5461.robot.AveragingJoystick] INFO,-0.0546875,-0.01640625,-0.0078125,-0.00234375
2016/12/20,11:44:00.387,[org.usfirst.frc.team5461.robot.AveragingJoystick] INFO,-0.0546875,-0.021875,-0.0078125,-0.003125
2016/12/20,11:44:00.407,[org.usfirst.frc.team5461.robot.AveragingJoystick] INFO,-0.0546875,-0.02734375,-0.0078125,-0.00390625
2016/12/20,11:44:00.426,[org.usfirst.frc.team5461.robot.AveragingJoystick] INFO,-0.0546875,-0.0328125,-0.0078125,-0.0046875
2016/12/20,11:44:00.446,[org.usfirst.frc.team5461.robot.AveragingJoystick] INFO,-0.0546875,-0.03828125,-0.0078125,-0.00546875
2016/12/20,11:44:00.466,[org.usfirst.frc.team5461.robot.AveragingJoystick] INFO,-0.0546875,-0.04375,-0.0078125,-0.00625
2016/12/20,11:44:00.487,[org.usfirst.frc.team5461.robot.AveragingJoystick] INFO,-0.0546875,-0.04921875,-0.0078125,-0.00703125
2016/12/20,11:44:00.506,[org.usfirst.frc.team5461.robot.AveragingJoystick] INFO,-0.0546875,-0.0546875,-0.0078125,-0.0078125
2016/12/20,11:44:00.525,[org.usfirst.frc.team5461.robot.AveragingJoystick] INFO,-0.0546875,-0.0546875,-0.0078125,-0.0078125
2016/12/20,11:44:00.545,[org.usfirst.frc.team5461.robot.AveragingJoystick] INFO,-0.0546875,-0.0546875,-0.0078125,-0.0078125
2016/12/20,11:44:00.566,[org.usfirst.frc.team5461.robot.AveragingJoystick] INFO,-0.0546875,-0.0546875,-0.0078125,-0.0078125
2016/12/20,11:44:00.586,[org.usfirst.frc.team5461.robot.AveragingJoystick] INFO,-0.0546875,-0.0546875,-0.0078125,-0.0078125
2016/12/20,11:44:00.606,[org.usfirst.frc.team5461.robot.AveragingJoystick] INFO,-0.0546875,-0.0546875,-0.0078125,-0.0078125
2016/12/20,11:44:00.626,[org.usfirst.frc.team5461.robot.AveragingJoystick] INFO,-0.0546875,-0.0546875,-0.0078125,-0.0078125
2016/12/20,11:44:00.647,[org.usfirst.frc.team5461.robot.AveragingJoystick] INFO,-0.0546875,-0.0546875,-0.0078125,-0.0078125
2016/12/20,11:44:00.666,[org.usfirst.frc.team5461.robot.AveragingJoystick] INFO,-0.0546875,-0.0546875,-0.0078125,-0.0078125
2016/12/20,11:44:00.686,[org.usfirst.frc.team5461.robot.AveragingJoystick] INFO,-0.0546875,-0.0546875,-0.0078125,-0.0078125
2016/12/20,11:44:00.706,[org.usfirst.frc.team5461.robot.AveragingJoystick] INFO,-0.0546875,-0.0546875,-0.0078125,-0.0078125
2016/12/20,11:44:00.726,[org.usfirst.frc.team5461.robot.AveragingJoystick] INFO,-0.0546875,-0.0546875,-0.0078125,-0.0078125
2016/12/20,11:44:00.746,[org.usfirst.frc.team5461.robot.AveragingJoystick] INFO,-0.0546875,-0.0546875,-0.0078125,-0.0078125
2016/12/20,11:44:00.767,[org.usfirst.frc.team5461.robot.AveragingJoystick] INFO,-0.0546875,-0.0546875,-0.0078125,-0.0078125
2016/12/20,11:44:00.786,[org.usfirst.frc.team5461.robot.AveragingJoystick] INFO,-0.0546875,-0.0546875,-0.0078125,-0.0078125
2016/12/20,11:44:00.806,[org.usfirst.frc.team5461.robot.AveragingJoystick] INFO,-0.0546875,-0.0546875,-0.0078125,-0.0078125
2016/12/20,11:44:00.826,[org.usfirst.frc.team5461.robot.AveragingJoystick] INFO,-0.0546875,-0.0546875,-0.0078125,-0.0078125
2016/12/20,11:44:00.846,[org.usfirst.frc.team5461.robot.AveragingJoystick] INFO,-0.0546875,-0.0546875,-0.0078125,-0.0078125
2016/12/20,11:44:00.866,[org.usfirst.frc.team5461.robot.AveragingJoystick] INFO,-0.0546875,-0.0546875,-0.0078125,-0.0078125
2016/12/20,11:44:00.886,[org.usfirst.frc.team5461.robot.AveragingJoystick] INFO,-0.0546875,-0.0546875,-0.0078125,-0.0078125
2016/12/20,11:44:00.909,[org.usfirst.frc.team5461.robot.AveragingJoystick] INFO,-0.0546875,-0.0546875,-0.0078125,-0.0078125
2016/12/20,11:44:00.926,[org.usfirst.frc.team5461.robot.AveragingJoystick] INFO,-0.0546875,-0.0546875,-0.0078125,-0.0078125
2016/12/20,11:44:00.946,[org.usfirst.frc.team5461.robot.AveragingJoystick] INFO,-0.0546875,-0.0546875,-0.0078125,-0.0078125
2016/12/20,11:44:00.966,[org.usfirst.frc.team5461.robot.AveragingJoystick] INFO,-0.0546875,-0.0546875,-0.0078125,-0.0078125
2016/12/20,11:44:00.986,[org.usfirst.frc.team5461.robot.AveragingJoystick] INFO,-0.0546875,-0.0546875,-0.0078125,-0.0078125
2016/12/20,11:44:01.006,[org.usfirst.frc.team5461.robot.AveragingJoystick] INFO,-0.1640625,-0.065625,-0.0078125,-0.0078125
2016/12/20,11:44:01.026,[org.usfirst.frc.team5461.robot.AveragingJoystick] INFO,-0.3203125,-0.0921875,-0.0078125,-0.0078125
2016/12/20,11:44:01.046,[org.usfirst.frc.team5461.robot.AveragingJoystick] INFO,-0.6171875,-0.1484375,-0.0078125,-0.0078125
2016/12/20,11:44:01.066,[org.usfirst.frc.team5461.robot.AveragingJoystick] INFO,-0.796875,-0.22265625,-0.0078125,-0.0078125
2016/12/20,11:44:01.086,[org.usfirst.frc.team5461.robot.AveragingJoystick] INFO,-0.953125,-0.3125,-0.0078125,-0.0078125
2016/12/20,11:44:01.106,[org.usfirst.frc.team5461.robot.AveragingJoystick] INFO,-1.0,-0.40703125,-0.0078125,-0.0078125
2016/12/20,11:44:01.126,[org.usfirst.frc.team5461.robot.AveragingJoystick] INFO,-1.0,-0.5015625,-0.0078125,-0.0078125
2016/12/20,11:44:01.147,[org.usfirst.frc.team5461.robot.AveragingJoystick] INFO,-1.0,-0.59609375,-0.0078125,-0.0078125
2016/12/20,11:44:01.166,[org.usfirst.frc.team5461.robot.AveragingJoystick] INFO,-1.0,-0.690625,-0.0078125,-0.0078125
2016/12/20,11:44:01.186,[org.usfirst.frc.team5461.robot.AveragingJoystick] INFO,-1.0,-0.78515625,-0.0078125,-0.0078125
2016/12/20,11:44:01.206,[org.usfirst.frc.team5461.robot.AveragingJoystick] INFO,-1.0,-0.86875,-0.0078125,-0.0078125
2016/12/20,11:44:01.226,[org.usfirst.frc.team5461.robot.AveragingJoystick] INFO,-1.0,-0.93671875,-0.0078125,-0.0078125
2016/12/20,11:44:01.246,[org.usfirst.frc.team5461.robot.AveragingJoystick] INFO,-1.0,-0.975,-0.0078125,-0.0078125
2016/12/20,11:44:01.266,[org.usfirst.frc.team5461.robot.AveragingJoystick] INFO,-1.0,-0.9953125,-0.0078125,-0.0078125
2016/12/20,11:44:01.286,[org.usfirst.frc.team5461.robot.AveragingJoystick] INFO,-1.0,-1.0,-0.0078125,-0.0078125
2016/12/20,11:44:01.306,[org.usfirst.frc.team5461.robot.AveragingJoystick] INFO,-1.0,-1.0,-0.0078125,-0.0078125
2016/12/20,11:44:01.326,[org.usfirst.frc.team5461.robot.AveragingJoystick] INFO,-1.0,-1.0,-0.0078125,-0.0078125
2016/12/20,11:44:01.346,[org.usfirst.frc.team5461.robot.AveragingJoystick] INFO,-1.0,-1.0,-0.0078125,-0.0078125
2016/12/20,11:44:01.366,[org.usfirst.frc.team5461.robot.AveragingJoystick] INFO,-1.0,-1.0,-0.0078125,-0.0078125
2016/12/20,11:44:01.385,[org.usfirst.frc.team5461.robot.AveragingJoystick] INFO,-1.0,-1.0,-0.0078125,-0.0078125
2016/12/20,11:44:01.405,[org.usfirst.frc.team5461.robot.AveragingJoystick] INFO,-1.0,-1.0,-0.0078125,-0.0078125
2016/12/20,11:44:01.426,[org.usfirst.frc.team5461.robot.AveragingJoystick] INFO,-1.0,-1.0,-0.0078125,-0.0078125
2016/12/20,11:44:01.446,[org.usfirst.frc.team5461.robot.AveragingJoystick] INFO,-1.0,-1.0,-0.0078125,-0.0078125
2016/12/20,11:44:01.466,[org.usfirst.frc.team5461.robot.AveragingJoystick] INFO,-1.0,-1.0,-0.0078125,-0.0078125
2016/12/20,11:44:01.486,[org.usfirst.frc.team5461.robot.AveragingJoystick] INFO,-1.0,-1.0,-0.0078125,-0.0078125
2016/12/20,11:44:01.506,[org.usfirst.frc.team5461.robot.AveragingJoystick] INFO,-1.0,-1.0,-0.0078125,-0.0078125
2016/12/20,11:44:01.526,[org.usfirst.frc.team5461.robot.AveragingJoystick] INFO,-1.0,-1.0,-0.0078125,-0.0078125
2016/12/20,11:44:01.546,[org.usfirst.frc.team5461.robot.AveragingJoystick] INFO,-1.0,-1.0,-0.0078125,-0.0078125
2016/12/20,11:44:01.566,[org.usfirst.frc.team5461.robot.AveragingJoystick] INFO,-1.0,-1.0,-0.0078125,-0.0078125
2016/12/20,11:44:01.586,[org.usfirst.frc.team5461.robot.AveragingJoystick] INFO,-1.0,-1.0,-0.0078125,-0.0078125
2016/12/20,11:44:01.606,[org.usfirst.frc.team5461.robot.AveragingJoystick] INFO,-1.0,-1.0,-0.0078125,-0.0078125
2016/12/20,11:44:01.626,[org.usfirst.frc.team5461.robot.AveragingJoystick] INFO,-1.0,-1.0,-0.0078125,-0.0078125
2016/12/20,11:44:01.646,[org.usfirst.frc.team5461.robot.AveragingJoystick] INFO,-1.0,-1.0,-0.0078125,-0.0078125
2016/12/20,11:44:01.666,[org.usfirst.frc.team5461.robot.AveragingJoystick] INFO,-1.0,-1.0,-0.0078125,-0.0078125
2016/12/20,11:44:01.686,[org.usfirst.frc.team5461.robot.AveragingJoystick] INFO,-1.0,-1.0,-0.0078125,-0.0078125
2016/12/20,11:44:01.705,[org.usfirst.frc.team5461.robot.AveragingJoystick] INFO,-1.0,-1.0,-0.0078125,-0.0078125
2016/12/20,11:44:01.726,[org.usfirst.frc.team5461.robot.AveragingJoystick] INFO,-1.0,-1.0,-0.0078125,-0.0078125
2016/12/20,11:44:01.746,[org.usfirst.frc.team5461.robot.AveragingJoystick] INFO,-1.0,-1.0,-0.0078125,-0.0078125
2016/12/20,11:44:01.766,[org.usfirst.frc.team5461.robot.AveragingJoystick] INFO,-1.0,-1.0,-0.0078125,-0.0078125
2016/12/20,11:44:01.786,[org.usfirst.frc.team5461.robot.AveragingJoystick] INFO,-1.0,-1.0,-0.0078125,-0.0078125
2016/12/20,11:44:01.805,[org.usfirst.frc.team5461.robot.AveragingJoystick] INFO,-1.0,-1.0,-0.0078125,-0.0078125
2016/12/20,11:44:01.825,[org.usfirst.frc.team5461.robot.AveragingJoystick] INFO,-1.0,-1.0,-0.0078125,-0.0078125
2016/12/20,11:44:01.846,[org.usfirst.frc.team5461.robot.AveragingJoystick] INFO,-1.0,-1.0,-0.0078125,-0.0078125
2016/12/20,11:44:01.866,[org.usfirst.frc.team5461.robot.AveragingJoystick] INFO,-1.0,-1.0,-0.0078125,-0.0078125
2016/12/20,11:44:01.886,[org.usfirst.frc.team5461.robot.AveragingJoystick] INFO,-1.0,-1.0,-0.0078125,-0.0078125
2016/12/20,11:44:01.906,[org.usfirst.frc.team5461.robot.AveragingJoystick] INFO,-1.0,-1.0,-0.0078125,-0.0078125
2016/12/20,11:44:01.926,[org.usfirst.frc.team5461.robot.AveragingJoystick] INFO,-1.0,-1.0,-0.0078125,-0.0078125
2016/12/20,11:44:01.946,[org.usfirst.frc.team5461.robot.AveragingJoystick] INFO,-1.0,-1.0,-0.0078125,-0.0078125
2016/12/20,11:44:01.965,[org.usfirst.frc.team5461.robot.AveragingJoystick] INFO,-1.0,-1.0,-0.0078125,-0.0078125
2016/12/20,11:44:01.985,[org.usfirst.frc.team5461.robot.AveragingJoystick] INFO,-1.0,-1.0,-0.0078125,-0.0078125
2016/12/20,11:44:02.006,[org.usfirst.frc.team5461.robot.AveragingJoystick] INFO,-1.0,-1.0,-0.0078125,-0.0078125
2016/12/20,11:44:02.026,[org.usfirst.frc.team5461.robot.AveragingJoystick] INFO,-1.0,-1.0,-0.0078125,-0.0078125
2016/12/20,11:44:02.045,[org.usfirst.frc.team5461.robot.AveragingJoystick] INFO,-1.0,-1.0,-0.0078125,-0.0078125
2016/12/20,11:44:02.066,[org.usfirst.frc.team5461.robot.AveragingJoystick] INFO,-1.0,-1.0,-0.0078125,-0.0078125
2016/12/20,11:44:02.088,[org.usfirst.frc.team5461.robot.AveragingJoystick] INFO,-1.0,-1.0,-0.0078125,-0.0078125
2016/12/20,11:44:02.106,[org.usfirst.frc.team5461.robot.AveragingJoystick] INFO,-1.0,-1.0,-0.0078125,-0.0078125
2016/12/20,11:44:02.126,[org.usfirst.frc.team5461.robot.AveragingJoystick] INFO,-1.0,-1.0,-0.0078125,-0.0078125
2016/12/20,11:44:02.146,[org.usfirst.frc.team5461.robot.AveragingJoystick] INFO,-1.0,-1.0,-0.0078125,-0.0078125
2016/12/20,11:44:02.166,[org.usfirst.frc.team5461.robot.AveragingJoystick] INFO,-1.0,-1.0,-0.0078125,-0.0078125
2016/12/20,11:44:02.185,[org.usfirst.frc.team5461.robot.AveragingJoystick] INFO,-1.0,-1.0,-0.0078125,-0.0078125
2016/12/20,11:44:02.206,[org.usfirst.frc.team5461.robot.AveragingJoystick] INFO,-1.0,-1.0,-0.0078125,-0.0078125
2016/12/20,11:44:02.226,[org.usfirst.frc.team5461.robot.AveragingJoystick] INFO,-1.0,-1.0,-0.0078125,-0.0078125
2016/12/20,11:44:02.246,[org.usfirst.frc.team5461.robot.AveragingJoystick] INFO,-1.0,-1.0,-0.0078125,-0.0078125
2016/12/20,11:44:02.266,[org.usfirst.frc.team5461.robot.AveragingJoystick] INFO,-1.0,-1.0,-0.0078125,-0.0078125
2016/12/20,11:44:02.286,[org.usfirst.frc.team5461.robot.AveragingJoystick] INFO,-1.0,-1.0,-0.0078125,-0.0078125
2016/12/20,11:44:02.305,[org.usfirst.frc.team5461.robot.AveragingJoystick] INFO,-1.0,-1.0,-0.0078125,-0.0078125
2016/12/20,11:44:02.326,[org.usfirst.frc.team5461.robot.AveragingJoystick] INFO,-1.0,-1.0,-0.0078125,-0.0078125
2016/12/20,11:44:02.345,[org.usfirst.frc.team5461.robot.AveragingJoystick] INFO,-1.0,-1.0,-0.0078125,-0.0078125
2016/12/20,11:44:02.365,[org.usfirst.frc.team5461.robot.AveragingJoystick] INFO,-1.0,-1.0,-0.0078125,-0.0078125
2016/12/20,11:44:02.386,[org.usfirst.frc.team5461.robot.AveragingJoystick] INFO,-1.0,-1.0,-0.0078125,-0.0078125
2016/12/20,11:44:02.406,[org.usfirst.frc.team5461.robot.AveragingJoystick] INFO,-1.0,-1.0,-0.0078125,-0.0078125
2016/12/20,11:44:02.426,[org.usfirst.frc.team5461.robot.AveragingJoystick] INFO,-1.0,-1.0,-0.0078125,-0.0078125
2016/12/20,11:44:02.446,[org.usfirst.frc.team5461.robot.AveragingJoystick] INFO,-1.0,-1.0,-0.0078125,-0.0078125
2016/12/20,11:44:02.467,[org.usfirst.frc.team5461.robot.AveragingJoystick] INFO,-1.0,-1.0,-0.0078125,-0.0078125
2016/12/20,11:44:02.486,[org.usfirst.frc.team5461.robot.AveragingJoystick] INFO,-1.0,-1.0,-0.0078125,-0.0078125
2016/12/20,11:44:02.505,[org.usfirst.frc.team5461.robot.AveragingJoystick] INFO,-1.0,-1.0,-0.0078125,-0.0078125
2016/12/20,11:44:02.525,[org.usfirst.frc.team5461.robot.AveragingJoystick] INFO,-0.828125,-0.9828125,-0.0078125,-0.0078125
2016/12/20,11:44:02.545,[org.usfirst.frc.team5461.robot.AveragingJoystick] INFO,-0.453125,-0.928125,-0.0078125,-0.0078125
2016/12/20,11:44:02.565,[org.usfirst.frc.team5461.robot.AveragingJoystick] INFO,-0.203125,-0.8484375,-0.0078125,-0.0078125
2016/12/20,11:44:02.585,[org.usfirst.frc.team5461.robot.AveragingJoystick] INFO,-0.0078125,-0.74921875,-0.0078125,-0.0078125
2016/12/20,11:44:02.605,[org.usfirst.frc.team5461.robot.AveragingJoystick] INFO,-0.0078125,-0.65,-0.0078125,-0.0078125
2016/12/20,11:44:02.626,[org.usfirst.frc.team5461.robot.AveragingJoystick] INFO,-0.0078125,-0.55078125,-0.0078125,-0.0078125
2016/12/20,11:44:02.647,[org.usfirst.frc.team5461.robot.AveragingJoystick] INFO,-0.0078125,-0.4515625,-0.0078125,-0.0078125
2016/12/20,11:44:02.666,[org.usfirst.frc.team5461.robot.AveragingJoystick] INFO,-0.0078125,-0.35234375,-0.0078125,-0.0078125
2016/12/20,11:44:02.686,[org.usfirst.frc.team5461.robot.AveragingJoystick] INFO,-0.0078125,-0.253125,-0.0078125,-0.0078125
2016/12/20,11:44:02.705,[org.usfirst.frc.team5461.robot.AveragingJoystick] INFO,-0.0078125,-0.15390625,-0.0078125,-0.0078125
2016/12/20,11:44:02.726,[org.usfirst.frc.team5461.robot.AveragingJoystick] INFO,-0.0078125,-0.071875,-0.0078125,-0.0078125
2016/12/20,11:44:02.746,[org.usfirst.frc.team5461.robot.AveragingJoystick] INFO,-0.0078125,-0.02734375,-0.0078125,-0.0078125
2016/12/20,11:44:02.766,[org.usfirst.frc.team5461.robot.AveragingJoystick] INFO,-0.0078125,-0.0078125,-0.0078125,-0.0078125
2016/12/20,11:44:02.787,[org.usfirst.frc.team5461.robot.AveragingJoystick] INFO,-0.0078125,-0.0078125,-0.0078125,-0.0078125
2016/12/20,11:44:02.806,[org.usfirst.frc.team5461.robot.AveragingJoystick] INFO,-0.0078125,-0.0078125,-0.0078125,-0.0078125
2016/12/20,11:44:02.826,[org.usfirst.frc.team5461.robot.AveragingJoystick] INFO,-0.0078125,-0.0078125,-0.0078125,-0.0078125
2016/12/20,11:44:02.846,[org.usfirst.frc.team5461.robot.AveragingJoystick] INFO,-0.0078125,-0.0078125,-0.0078125,-0.0078125
2016/12/20,11:44:02.866,[org.usfirst.frc.team5461.robot.AveragingJoystick] INFO,-0.0078125,-0.0078125,-0.0078125,-0.0078125
2016/12/20,11:44:02.885,[org.usfirst.frc.team5461.robot.AveragingJoystick] INFO,-0.0078125,-0.0078125,-0.0078125,-0.0078125
2016/12/20,11:44:02.906,[org.usfirst.frc.team5461.robot.AveragingJoystick] INFO,-0.0078125,-0.0078125,-0.0078125,-0.0078125
2016/12/20,11:44:02.926,[org.usfirst.frc.team5461.robot.AveragingJoystick] INFO,-0.0078125,-0.0078125,-0.0078125,-0.0078125
2016/12/20,11:44:02.946,[org.usfirst.frc.team5461.robot.AveragingJoystick] INFO,-0.0078125,-0.0078125,-0.0078125,-0.0078125
2016/12/20,11:44:02.966,[org.usfirst.frc.team5461.robot.AveragingJoystick] INFO,-0.0078125,-0.0078125,-0.0078125,-0.0078125
2016/12/20,11:44:02.986,[org.usfirst.frc.team5461.robot.AveragingJoystick] INFO,-0.0078125,-0.0078125,-0.0078125,-0.0078125
2016/12/20,11:44:03.005,[org.usfirst.frc.team5461.robot.AveragingJoystick] INFO,-0.0078125,-0.0078125,-0.0078125,-0.0078125
2016/12/20,11:44:03.025,[org.usfirst.frc.team5461.robot.AveragingJoystick] INFO,-0.0078125,-0.0078125,-0.0078125,-0.0078125
2016/12/20,11:44:03.045,[org.usfirst.frc.team5461.robot.AveragingJoystick] INFO,-0.0078125,-0.0078125,-0.0078125,-0.0078125
2016/12/20,11:44:03.065,[org.usfirst.frc.team5461.robot.AveragingJoystick] INFO,-0.0078125,-0.0078125,-0.0078125,-0.0078125
2016/12/20,11:44:03.086,[org.usfirst.frc.team5461.robot.AveragingJoystick] INFO,-0.0078125,-0.0078125,-0.0078125,-0.0078125
2016/12/20,11:44:03.106,[org.usfirst.frc.team5461.robot.AveragingJoystick] INFO,-0.0078125,-0.0078125,-0.0078125,-0.0078125
2016/12/20,11:44:03.126,[org.usfirst.frc.team5461.robot.AveragingJoystick] INFO,-0.0078125,-0.0078125,-0.0078125,-0.0078125
2016/12/20,11:44:03.145,[org.usfirst.frc.team5461.robot.AveragingJoystick] INFO,-0.0078125,-0.0078125,-0.0078125,-0.0078125
2016/12/20,11:44:03.165,[org.usfirst.frc.team5461.robot.AveragingJoystick] INFO,-0.0078125,-0.0078125,-0.0078125,-0.0078125
2016/12/20,11:44:03.185,[org.usfirst.frc.team5461.robot.AveragingJoystick] INFO,-0.0078125,-0.0078125,-0.0078125,-0.0078125
2016/12/20,11:44:03.206,[org.usfirst.frc.team5461.robot.AveragingJoystick] INFO,-0.0078125,-0.0078125,-0.0078125,-0.0078125
2016/12/20,11:44:03.226,[org.usfirst.frc.team5461.robot.AveragingJoystick] INFO,-0.0078125,-0.0078125,-0.0078125,-0.0078125
2016/12/20,11:44:03.246,[org.usfirst.frc.team5461.robot.AveragingJoystick] INFO,-0.0078125,-0.0078125,-0.0078125,-0.0078125
2016/12/20,11:44:03.266,[org.usfirst.frc.team5461.robot.AveragingJoystick] INFO,-0.0078125,-0.0078125,-0.0078125,-0.0078125
2016/12/20,11:44:03.286,[org.usfirst.frc.team5461.robot.AveragingJoystick] INFO,-0.0078125,-0.0078125,-0.0078125,-0.0078125
2016/12/20,11:44:03.306,[org.usfirst.frc.team5461.robot.AveragingJoystick] INFO,-0.0078125,-0.0078125,-0.0078125,-0.0078125
2016/12/20,11:44:03.326,[org.usfirst.frc.team5461.robot.AveragingJoystick] INFO,-0.0078125,-0.0078125,-0.0078125,-0.0078125
2016/12/20,11:44:03.346,[org.usfirst.frc.team5461.robot.AveragingJoystick] INFO,-0.0078125,-0.0078125,-0.0078125,-0.0078125
2016/12/20,11:44:03.366,[org.usfirst.frc.team5461.robot.AveragingJoystick] INFO,-0.0078125,-0.0078125,-0.0078125,-0.0078125
2016/12/20,11:44:03.386,[org.usfirst.frc.team5461.robot.AveragingJoystick] INFO,-0.0078125,-0.0078125,-0.0078125,-0.0078125
2016/12/20,11:44:03.406,[org.usfirst.frc.team5461.robot.AveragingJoystick] INFO,-0.0078125,-0.0078125,-0.0078125,-0.0078125
2016/12/20,11:44:03.426,[org.usfirst.frc.team5461.robot.AveragingJoystick] INFO,-0.0078125,-0.0078125,-0.0078125,-0.0078125
2016/12/20,11:44:03.446,[org.usfirst.frc.team5461.robot.AveragingJoystick] INFO,-0.0078125,-0.0078125,-0.0078125,-0.0078125
2016/12/20,11:44:03.466,[org.usfirst.frc.team5461.robot.AveragingJoystick] INFO,-0.0078125,-0.0078125,-0.0078125,-0.0078125
2016/12/20,11:44:03.486,[org.usfirst.frc.team5461.robot.AveragingJoystick] INFO,-0.0078125,-0.0078125,-0.0078125,-0.0078125
2016/12/20,11:44:03.506,[org.usfirst.frc.team5461.robot.AveragingJoystick] INFO,-0.0078125,-0.0078125,-0.0078125,-0.0078125
2016/12/20,11:44:03.526,[org.usfirst.frc.team5461.robot.AveragingJoystick] INFO,-0.0078125,-0.0078125,-0.0078125,-0.0078125
2016/12/20,11:44:03.545,[org.usfirst.frc.team5461.robot.AveragingJoystick] INFO,-0.0078125,-0.0078125,-0.0078125,-0.0078125
2016/12/20,11:44:03.565,[org.usfirst.frc.team5461.robot.AveragingJoystick] INFO,-0.0078125,-0.0078125,-0.0078125,-0.0078125
2016/12/20,11:44:03.585,[org.usfirst.frc.team5461.robot.AveragingJoystick] INFO,-0.0078125,-0.0078125,-0.0078125,-0.0078125
2016/12/20,11:44:03.606,[org.usfirst.frc.team5461.robot.AveragingJoystick] INFO,-0.0078125,-0.0078125,-0.0078125,-0.0078125
2016/12/20,11:44:03.626,[org.usfirst.frc.team5461.robot.AveragingJoystick] INFO,-0.0078125,-0.0078125,-0.0078125,-0.0078125
2016/12/20,11:44:03.647,[org.usfirst.frc.team5461.robot.AveragingJoystick] INFO,-0.0078125,-0.0078125,-0.0078125,-0.0078125
2016/12/20,11:44:03.678,[org.usfirst.frc.team5461.robot.AveragingJoystick] INFO,-0.0078125,-0.0078125,-0.0078125,-0.0078125
2016/12/20,11:44:03.705,[org.usfirst.frc.team5461.robot.AveragingJoystick] INFO,-0.0078125,-0.0078125,-0.0078125,-0.0078125
2016/12/20,11:44:03.725,[org.usfirst.frc.team5461.robot.AveragingJoystick] INFO,-0.0078125,-0.0078125,-0.0078125,-0.0078125
2016/12/20,11:44:03.745,[org.usfirst.frc.team5461.robot.AveragingJoystick] INFO,-0.0078125,-0.0078125,-0.0078125,-0.0078125
2016/12/20,11:44:03.766,[org.usfirst.frc.team5461.robot.AveragingJoystick] INFO,-0.0078125,-0.0078125,-0.0078125,-0.0078125
2016/12/20,11:44:03.786,[org.usfirst.frc.team5461.robot.AveragingJoystick] INFO,-0.0078125,-0.0078125,-0.0078125,-0.0078125
2016/12/20,11:44:03.806,[org.usfirst.frc.team5461.robot.AveragingJoystick] INFO,-0.0078125,-0.0078125,-0.0078125,-0.0078125
2016/12/20,11:44:03.825,[org.usfirst.frc.team5461.robot.AveragingJoystick] INFO,-0.0078125,-0.0078125,-0.0078125,-0.0078125
2016/12/20,11:44:03.846,[org.usfirst.frc.team5461.robot.AveragingJoystick] INFO,-0.0078125,-0.0078125,-0.0078125,-0.0078125
2016/12/20,11:44:03.866,[org.usfirst.frc.team5461.robot.AveragingJoystick] INFO,-0.0078125,-0.0078125,-0.0078125,-0.0078125
2016/12/20,11:44:03.886,[org.usfirst.frc.team5461.robot.AveragingJoystick] INFO,-0.0078125,-0.0078125,-0.0078125,-0.0078125
2016/12/20,11:44:03.905,[org.usfirst.frc.team5461.robot.AveragingJoystick] INFO,-0.0078125,-0.0078125,-0.0078125,-0.0078125
2016/12/20,11:44:03.925,[org.usfirst.frc.team5461.robot.AveragingJoystick] INFO,-0.0078125,-0.0078125,-0.0078125,-0.0078125
2016/12/20,11:44:03.945,[org.usfirst.frc.team5461.robot.AveragingJoystick] INFO,-0.0078125,-0.0078125,-0.0078125,-0.0078125
2016/12/20,11:44:03.965,[org.usfirst.frc.team5461.robot.AveragingJoystick] INFO,-0.0078125,-0.0078125,-0.0078125,-0.0078125
2016/12/20,11:44:03.986,[org.usfirst.frc.team5461.robot.AveragingJoystick] INFO,-0.0078125,-0.0078125,-0.0078125,-0.0078125
2016/12/20,11:44:04.006,[org.usfirst.frc.team5461.robot.AveragingJoystick] INFO,-0.0078125,-0.0078125,-0.0078125,-0.0078125
2016/12/20,11:44:04.025,[org.usfirst.frc.team5461.robot.AveragingJoystick] INFO,-0.0078125,-0.0078125,-0.0078125,-0.0078125
2016/12/20,11:44:04.045,[org.usfirst.frc.team5461.robot.AveragingJoystick] INFO,-0.0078125,-0.0078125,-0.0078125,-0.0078125
2016/12/20,11:44:04.066,[org.usfirst.frc.team5461.robot.AveragingJoystick] INFO,-0.0078125,-0.0078125,-0.0078125,-0.0078125
2016/12/20,11:44:04.088,[org.usfirst.frc.team5461.robot.AveragingJoystick] INFO,-0.0078125,-0.0078125,-0.0078125,-0.0078125
2016/12/20,11:44:04.110,[org.usfirst.frc.team5461.robot.AveragingJoystick] INFO,-0.0078125,-0.0078125,-0.0078125,-0.0078125
2016/12/20,11:44:04.130,[org.usfirst.frc.team5461.robot.AveragingJoystick] INFO,-0.0078125,-0.0078125,-0.0078125,-0.0078125
2016/12/20,11:44:04.145,[org.usfirst.frc.team5461.robot.AveragingJoystick] INFO,-0.0078125,-0.0078125,-0.0078125,-0.0078125
2016/12/20,11:44:04.165,[org.usfirst.frc.team5461.robot.AveragingJoystick] INFO,-0.0078125,-0.0078125,-0.0078125,-0.0078125
2016/12/20,11:44:04.185,[org.usfirst.frc.team5461.robot.AveragingJoystick] INFO,-0.0078125,-0.0078125,-0.0078125,-0.0078125
2016/12/20,11:44:04.206,[org.usfirst.frc.team5461.robot.AveragingJoystick] INFO,-0.0078125,-0.0078125,-0.0078125,-0.0078125
2016/12/20,11:44:04.226,[org.usfirst.frc.team5461.robot.AveragingJoystick] INFO,-0.0078125,-0.0078125,-0.0078125,-0.0078125
2016/12/20,11:44:04.246,[org.usfirst.frc.team5461.robot.AveragingJoystick] INFO,-0.0078125,-0.0078125,-0.0078125,-0.0078125
2016/12/20,11:44:04.265,[org.usfirst.frc.team5461.robot.AveragingJoystick] INFO,-0.0078125,-0.0078125,-0.0078125,-0.0078125
2016/12/20,11:44:04.285,[org.usfirst.frc.team5461.robot.AveragingJoystick] INFO,-0.0078125,-0.0078125,-0.0078125,-0.0078125
2016/12/20,11:44:04.306,[org.usfirst.frc.team5461.robot.AveragingJoystick] INFO,-0.0078125,-0.0078125,-0.0078125,-0.0078125
2016/12/20,11:44:04.326,[org.usfirst.frc.team5461.robot.AveragingJoystick] INFO,-0.0078125,-0.0078125,-0.0078125,-0.0078125
2016/12/20,11:44:04.346,[org.usfirst.frc.team5461.robot.AveragingJoystick] INFO,-0.0078125,-0.0078125,-0.0078125,-0.0078125
2016/12/20,11:44:04.365,[org.usfirst.frc.team5461.robot.AveragingJoystick] INFO,-0.0078125,-0.0078125,-0.0078125,-0.0078125
2016/12/20,11:44:04.386,[org.usfirst.frc.team5461.robot.AveragingJoystick] INFO,0.0,-0.00703125,-0.0078125,-0.0078125
2016/12/20,11:44:04.406,[org.usfirst.frc.team5461.robot.AveragingJoystick] INFO,0.11811023622047244,0.005561023622047244,-0.0078125,-0.0078125
2016/12/20,11:44:04.426,[org.usfirst.frc.team5461.robot.AveragingJoystick] INFO,0.28346456692913385,0.03468873031496063,-0.0078125,-0.0078125
2016/12/20,11:44:04.445,[org.usfirst.frc.team5461.robot.AveragingJoystick] INFO,0.6456692913385826,0.10003690944881889,-0.0078125,-0.0078125
2016/12/20,11:44:04.465,[org.usfirst.frc.team5461.robot.AveragingJoystick] INFO,0.8346456692913385,0.18428272637795273,-0.0078125,-0.0078125
2016/12/20,11:44:04.486,[org.usfirst.frc.team5461.robot.AveragingJoystick] INFO,0.9921259842519685,0.2842765748031496,-0.0078125,-0.0078125
2016/12/20,11:44:04.506,[org.usfirst.frc.team5461.robot.AveragingJoystick] INFO,1.0,0.3850578248031496,-0.0078125,-0.0078125
2016/12/20,11:44:04.526,[org.usfirst.frc.team5461.robot.AveragingJoystick] INFO,1.0,0.48583907480314964,-0.0078125,-0.0078125
2016/12/20,11:44:04.546,[org.usfirst.frc.team5461.robot.AveragingJoystick] INFO,1.0,0.5866203248031496,-0.0078125,-0.0078125
2016/12/20,11:44:04.566,[org.usfirst.frc.team5461.robot.AveragingJoystick] INFO,1.0,0.6874015748031497,-0.0078125,-0.0078125
2016/12/20,11:44:04.586,[org.usfirst.frc.team5461.robot.AveragingJoystick] INFO,1.0,0.7874015748031497,-0.0078125,-0.0078125
2016/12/20,11:44:04.605,[org.usfirst.frc.team5461.robot.AveragingJoystick] INFO,1.0,0.8755905511811024,-0.0078125,-0.0078125
2016/12/20,11:44:04.625,[org.usfirst.frc.team5461.robot.AveragingJoystick] INFO,1.0,0.9472440944881889,-0.0078125,-0.0078125
2016/12/20,11:44:04.646,[org.usfirst.frc.team5461.robot.AveragingJoystick] INFO,1.0,0.9826771653543307,-0.0078125,-0.0078125
2016/12/20,11:44:04.666,[org.usfirst.frc.team5461.robot.AveragingJoystick] INFO,1.0,0.9992125984251968,-0.0078125,-0.0078125
2016/12/20,11:44:04.686,[org.usfirst.frc.team5461.robot.AveragingJoystick] INFO,1.0,1.0,-0.0078125,-0.0078125
2016/12/20,11:44:04.705,[org.usfirst.frc.team5461.robot.AveragingJoystick] INFO,1.0,1.0,-0.0078125,-0.0078125
2016/12/20,11:44:04.725,[org.usfirst.frc.team5461.robot.AveragingJoystick] INFO,1.0,1.0,-0.0078125,-0.0078125
2016/12/20,11:44:04.746,[org.usfirst.frc.team5461.robot.AveragingJoystick] INFO,1.0,1.0,-0.0078125,-0.0078125
2016/12/20,11:44:04.765,[org.usfirst.frc.team5461.robot.AveragingJoystick] INFO,1.0,1.0,-0.0078125,-0.0078125
2016/12/20,11:44:04.785,[org.usfirst.frc.team5461.robot.AveragingJoystick] INFO,1.0,1.0,-0.0078125,-0.0078125
2016/12/20,11:44:04.805,[org.usfirst.frc.team5461.robot.AveragingJoystick] INFO,1.0,1.0,-0.0078125,-0.0078125
2016/12/20,11:44:04.825,[org.usfirst.frc.team5461.robot.AveragingJoystick] INFO,1.0,1.0,-0.0078125,-0.0078125
2016/12/20,11:44:04.846,[org.usfirst.frc.team5461.robot.AveragingJoystick] INFO,1.0,1.0,-0.0078125,-0.0078125
2016/12/20,11:44:04.865,[org.usfirst.frc.team5461.robot.AveragingJoystick] INFO,1.0,1.0,-0.0078125,-0.0078125
2016/12/20,11:44:04.885,[org.usfirst.frc.team5461.robot.AveragingJoystick] INFO,1.0,1.0,-0.0078125,-0.0078125
2016/12/20,11:44:04.906,[org.usfirst.frc.team5461.robot.AveragingJoystick] INFO,1.0,1.0,-0.0078125,-0.0078125
2016/12/20,11:44:04.926,[org.usfirst.frc.team5461.robot.AveragingJoystick] INFO,1.0,1.0,-0.0078125,-0.0078125
2016/12/20,11:44:04.946,[org.usfirst.frc.team5461.robot.AveragingJoystick] INFO,1.0,1.0,-0.0078125,-0.0078125
2016/12/20,11:44:04.965,[org.usfirst.frc.team5461.robot.AveragingJoystick] INFO,1.0,1.0,-0.0078125,-0.0078125
2016/12/20,11:44:04.986,[org.usfirst.frc.team5461.robot.AveragingJoystick] INFO,1.0,1.0,-0.0078125,-0.0078125
2016/12/20,11:44:05.005,[org.usfirst.frc.team5461.robot.AveragingJoystick] INFO,1.0,1.0,-0.0078125,-0.0078125
2016/12/20,11:44:05.026,[org.usfirst.frc.team5461.robot.AveragingJoystick] INFO,1.0,1.0,-0.0078125,-0.0078125
2016/12/20,11:44:05.046,[org.usfirst.frc.team5461.robot.AveragingJoystick] INFO,1.0,1.0,-0.0078125,-0.0078125
2016/12/20,11:44:05.066,[org.usfirst.frc.team5461.robot.AveragingJoystick] INFO,1.0,1.0,-0.0078125,-0.0078125
2016/12/20,11:44:05.086,[org.usfirst.frc.team5461.robot.AveragingJoystick] INFO,1.0,1.0,-0.0078125,-0.0078125
2016/12/20,11:44:05.105,[org.usfirst.frc.team5461.robot.AveragingJoystick] INFO,1.0,1.0,-0.0078125,-0.0078125
2016/12/20,11:44:05.126,[org.usfirst.frc.team5461.robot.AveragingJoystick] INFO,1.0,1.0,-0.0078125,-0.0078125
2016/12/20,11:44:05.146,[org.usfirst.frc.team5461.robot.AveragingJoystick] INFO,1.0,1.0,-0.0078125,-0.0078125
2016/12/20,11:44:05.166,[org.usfirst.frc.team5461.robot.AveragingJoystick] INFO,1.0,1.0,-0.0078125,-0.0078125
2016/12/20,11:44:05.186,[org.usfirst.frc.team5461.robot.AveragingJoystick] INFO,1.0,1.0,-0.0078125,-0.0078125
2016/12/20,11:44:05.206,[org.usfirst.frc.team5461.robot.AveragingJoystick] INFO,1.0,1.0,-0.0078125,-0.0078125
2016/12/20,11:44:05.225,[org.usfirst.frc.team5461.robot.AveragingJoystick] INFO,1.0,1.0,-0.0078125,-0.0078125
2016/12/20,11:44:05.245,[org.usfirst.frc.team5461.robot.AveragingJoystick] INFO,1.0,1.0,-0.0078125,-0.0078125
2016/12/20,11:44:05.265,[org.usfirst.frc.team5461.robot.AveragingJoystick] INFO,1.0,1.0,-0.0078125,-0.0078125
2016/12/20,11:44:05.286,[org.usfirst.frc.team5461.robot.AveragingJoystick] INFO,1.0,1.0,-0.0078125,-0.0078125
2016/12/20,11:44:05.306,[org.usfirst.frc.team5461.robot.AveragingJoystick] INFO,1.0,1.0,-0.0078125,-0.0078125
2016/12/20,11:44:05.325,[org.usfirst.frc.team5461.robot.AveragingJoystick] INFO,1.0,1.0,-0.0078125,-0.0078125
2016/12/20,11:44:05.347,[org.usfirst.frc.team5461.robot.AveragingJoystick] INFO,1.0,1.0,-0.0078125,-0.0078125
2016/12/20,11:44:05.365,[org.usfirst.frc.team5461.robot.AveragingJoystick] INFO,1.0,1.0,-0.0078125,-0.0078125
2016/12/20,11:44:05.386,[org.usfirst.frc.team5461.robot.AveragingJoystick] INFO,1.0,1.0,-0.0078125,-0.0078125
2016/12/20,11:44:05.406,[org.usfirst.frc.team5461.robot.AveragingJoystick] INFO,1.0,1.0,-0.0078125,-0.0078125
2016/12/20,11:44:05.425,[org.usfirst.frc.team5461.robot.AveragingJoystick] INFO,1.0,1.0,-0.0078125,-0.0078125
2016/12/20,11:44:05.445,[org.usfirst.frc.team5461.robot.AveragingJoystick] INFO,1.0,1.0,-0.0078125,-0.0078125
2016/12/20,11:44:05.465,[org.usfirst.frc.team5461.robot.AveragingJoystick] INFO,1.0,1.0,-0.0078125,-0.0078125
2016/12/20,11:44:05.485,[org.usfirst.frc.team5461.robot.AveragingJoystick] INFO,1.0,1.0,-0.0078125,-0.0078125
2016/12/20,11:44:05.505,[org.usfirst.frc.team5461.robot.AveragingJoystick] INFO,1.0,1.0,-0.0078125,-0.0078125
2016/12/20,11:44:05.525,[org.usfirst.frc.team5461.robot.AveragingJoystick] INFO,1.0,1.0,-0.0078125,-0.0078125
2016/12/20,11:44:05.546,[org.usfirst.frc.team5461.robot.AveragingJoystick] INFO,1.0,1.0,-0.0078125,-0.0078125
2016/12/20,11:44:05.566,[org.usfirst.frc.team5461.robot.AveragingJoystick] INFO,1.0,1.0,-0.0078125,-0.0078125
2016/12/20,11:44:05.586,[org.usfirst.frc.team5461.robot.AveragingJoystick] INFO,1.0,1.0,-0.0078125,-0.0078125
2016/12/20,11:44:05.605,[org.usfirst.frc.team5461.robot.AveragingJoystick] INFO,1.0,1.0,-0.0078125,-0.0078125
2016/12/20,11:44:05.625,[org.usfirst.frc.team5461.robot.AveragingJoystick] INFO,1.0,1.0,-0.0078125,-0.0078125
2016/12/20,11:44:05.645,[org.usfirst.frc.team5461.robot.AveragingJoystick] INFO,1.0,1.0,-0.0078125,-0.0078125
2016/12/20,11:44:05.665,[org.usfirst.frc.team5461.robot.AveragingJoystick] INFO,1.0,1.0,-0.0078125,-0.0078125
2016/12/20,11:44:05.685,[org.usfirst.frc.team5461.robot.AveragingJoystick] INFO,1.0,1.0,-0.0078125,-0.0078125
2016/12/20,11:44:05.705,[org.usfirst.frc.team5461.robot.AveragingJoystick] INFO,1.0,1.0,-0.0078125,-0.0078125
2016/12/20,11:44:05.725,[org.usfirst.frc.team5461.robot.AveragingJoystick] INFO,0.8110236220472441,0.9811023622047245,-0.0078125,-0.0078125
2016/12/20,11:44:05.745,[org.usfirst.frc.team5461.robot.AveragingJoystick] INFO,0.5590551181102362,0.9370078740157479,-0.0078125,-0.0078125
2016/12/20,11:44:05.766,[org.usfirst.frc.team5461.robot.AveragingJoystick] INFO,0.1732283464566929,0.8543307086614174,-0.0078125,-0.0078125
2016/12/20,11:44:05.785,[org.usfirst.frc.team5461.robot.AveragingJoystick] INFO,-0.03125,0.7512057086614173,-0.0078125,-0.0078125
2016/12/20,11:44:05.806,[org.usfirst.frc.team5461.robot.AveragingJoystick] INFO,-0.03125,0.6480807086614173,-0.0078125,-0.0078125
2016/12/20,11:44:05.826,[org.usfirst.frc.team5461.robot.AveragingJoystick] INFO,-0.03125,0.5449557086614173,-0.0078125,-0.0078125
2016/12/20,11:44:05.846,[org.usfirst.frc.team5461.robot.AveragingJoystick] INFO,-0.03125,0.4418307086614173,-0.0078125,-0.0078125
2016/12/20,11:44:05.866,[org.usfirst.frc.team5461.robot.AveragingJoystick] INFO,-0.03125,0.3387057086614173,-0.0078125,-0.0078125
2016/12/20,11:44:05.886,[org.usfirst.frc.team5461.robot.AveragingJoystick] INFO,-0.03125,0.2355807086614173,-0.0078125,-0.0078125
2016/12/20,11:44:05.906,[org.usfirst.frc.team5461.robot.AveragingJoystick] INFO,-0.03125,0.13245570866141732,-0.0078125,-0.0078125
2016/12/20,11:44:05.926,[org.usfirst.frc.team5461.robot.AveragingJoystick] INFO,-0.03125,0.04822834645669292,-0.0078125,-0.0078125
2016/12/20,11:44:05.945,[org.usfirst.frc.team5461.robot.AveragingJoystick] INFO,-0.03125,-0.01080216535433071,-0.0078125,-0.0078125
2016/12/20,11:44:05.966,[org.usfirst.frc.team5461.robot.AveragingJoystick] INFO,-0.03125,-0.03125,-0.0078125,-0.0078125
2016/12/20,11:44:05.986,[org.usfirst.frc.team5461.robot.AveragingJoystick] INFO,-0.03125,-0.03125,-0.0078125,-0.0078125
2016/12/20,11:44:06.006,[org.usfirst.frc.team5461.robot.AveragingJoystick] INFO,-0.03125,-0.03125,-0.0078125,-0.0078125
2016/12/20,11:44:06.025,[org.usfirst.frc.team5461.robot.AveragingJoystick] INFO,-0.03125,-0.03125,-0.0078125,-0.0078125
2016/12/20,11:44:06.046,[org.usfirst.frc.team5461.robot.AveragingJoystick] INFO,-0.03125,-0.03125,-0.0078125,-0.0078125
2016/12/20,11:44:06.066,[org.usfirst.frc.team5461.robot.AveragingJoystick] INFO,-0.03125,-0.03125,-0.0078125,-0.0078125
2016/12/20,11:44:06.086,[org.usfirst.frc.team5461.robot.AveragingJoystick] INFO,-0.03125,-0.03125,-0.0078125,-0.0078125
2016/12/20,11:44:06.106,[org.usfirst.frc.team5461.robot.AveragingJoystick] INFO,-0.03125,-0.03125,-0.0078125,-0.0078125
2016/12/20,11:44:06.126,[org.usfirst.frc.team5461.robot.AveragingJoystick] INFO,-0.03125,-0.03125,-0.0078125,-0.0078125
2016/12/20,11:44:06.146,[org.usfirst.frc.team5461.robot.AveragingJoystick] INFO,-0.03125,-0.03125,-0.0078125,-0.0078125
2016/12/20,11:44:06.166,[org.usfirst.frc.team5461.robot.AveragingJoystick] INFO,-0.03125,-0.03125,-0.0078125,-0.0078125
2016/12/20,11:44:06.185,[org.usfirst.frc.team5461.robot.AveragingJoystick] INFO,-0.03125,-0.03125,-0.0078125,-0.0078125
2016/12/20,11:44:06.206,[org.usfirst.frc.team5461.robot.AveragingJoystick] INFO,-0.03125,-0.03125,-0.0078125,-0.0078125
2016/12/20,11:44:06.225,[org.usfirst.frc.team5461.robot.AveragingJoystick] INFO,-0.03125,-0.03125,-0.0078125,-0.0078125
2016/12/20,11:44:06.245,[org.usfirst.frc.team5461.robot.AveragingJoystick] INFO,-0.03125,-0.03125,-0.0078125,-0.0078125
2016/12/20,11:44:06.266,[org.usfirst.frc.team5461.robot.AveragingJoystick] INFO,-0.03125,-0.03125,-0.0078125,-0.0078125
2016/12/20,11:44:06.285,[org.usfirst.frc.team5461.robot.AveragingJoystick] INFO,-0.03125,-0.03125,-0.0078125,-0.0078125
2016/12/20,11:44:06.305,[org.usfirst.frc.team5461.robot.AveragingJoystick] INFO,-0.03125,-0.03125,-0.0078125,-0.0078125
2016/12/20,11:44:06.325,[org.usfirst.frc.team5461.robot.AveragingJoystick] INFO,-0.03125,-0.03125,-0.0078125,-0.0078125
2016/12/20,11:44:06.345,[org.usfirst.frc.team5461.robot.AveragingJoystick] INFO,-0.03125,-0.03125,-0.0078125,-0.0078125
2016/12/20,11:44:06.366,[org.usfirst.frc.team5461.robot.AveragingJoystick] INFO,-0.03125,-0.03125,-0.0078125,-0.0078125
2016/12/20,11:44:06.386,[org.usfirst.frc.team5461.robot.AveragingJoystick] INFO,-0.03125,-0.03125,-0.0078125,-0.0078125
2016/12/20,11:44:06.406,[org.usfirst.frc.team5461.robot.AveragingJoystick] INFO,-0.03125,-0.03125,-0.0078125,-0.0078125
2016/12/20,11:44:06.426,[org.usfirst.frc.team5461.robot.AveragingJoystick] INFO,-0.03125,-0.03125,-0.0078125,-0.0078125
2016/12/20,11:44:06.446,[org.usfirst.frc.team5461.robot.AveragingJoystick] INFO,-0.03125,-0.03125,-0.0078125,-0.0078125
2016/12/20,11:44:06.466,[org.usfirst.frc.team5461.robot.AveragingJoystick] INFO,-0.03125,-0.03125,-0.0078125,-0.0078125
2016/12/20,11:44:06.485,[org.usfirst.frc.team5461.robot.AveragingJoystick] INFO,-0.03125,-0.03125,-0.0078125,-0.0078125
2016/12/20,11:44:06.506,[org.usfirst.frc.team5461.robot.AveragingJoystick] INFO,-0.03125,-0.03125,-0.0078125,-0.0078125
2016/12/20,11:44:06.526,[org.usfirst.frc.team5461.robot.AveragingJoystick] INFO,-0.03125,-0.03125,-0.0078125,-0.0078125
2016/12/20,11:44:06.545,[org.usfirst.frc.team5461.robot.AveragingJoystick] INFO,-0.03125,-0.03125,-0.0078125,-0.0078125
2016/12/20,11:44:06.565,[org.usfirst.frc.team5461.robot.AveragingJoystick] INFO,-0.03125,-0.03125,-0.0078125,-0.0078125
2016/12/20,11:44:06.586,[org.usfirst.frc.team5461.robot.AveragingJoystick] INFO,-0.03125,-0.03125,-0.0078125,-0.0078125
2016/12/20,11:44:06.605,[org.usfirst.frc.team5461.robot.AveragingJoystick] INFO,-0.03125,-0.03125,-0.0078125,-0.0078125
2016/12/20,11:44:06.625,[org.usfirst.frc.team5461.robot.AveragingJoystick] INFO,-0.03125,-0.03125,-0.0078125,-0.0078125
2016/12/20,11:44:06.645,[org.usfirst.frc.team5461.robot.AveragingJoystick] INFO,-0.03125,-0.03125,-0.0078125,-0.0078125
2016/12/20,11:44:06.665,[org.usfirst.frc.team5461.robot.AveragingJoystick] INFO,-0.03125,-0.03125,-0.0078125,-0.0078125
2016/12/20,11:44:06.685,[org.usfirst.frc.team5461.robot.AveragingJoystick] INFO,-0.03125,-0.03125,-0.0078125,-0.0078125
2016/12/20,11:44:06.706,[org.usfirst.frc.team5461.robot.AveragingJoystick] INFO,-0.03125,-0.03125,-0.0078125,-0.0078125
2016/12/20,11:44:06.727,[org.usfirst.frc.team5461.robot.AveragingJoystick] INFO,-0.03125,-0.03125,-0.0078125,-0.0078125
2016/12/20,11:44:06.746,[org.usfirst.frc.team5461.robot.AveragingJoystick] INFO,-0.03125,-0.03125,-0.0078125,-0.0078125
2016/12/20,11:44:06.766,[org.usfirst.frc.team5461.robot.AveragingJoystick] INFO,-0.03125,-0.03125,-0.0078125,-0.0078125
2016/12/20,11:44:06.786,[org.usfirst.frc.team5461.robot.AveragingJoystick] INFO,-0.03125,-0.03125,-0.0078125,-0.0078125
2016/12/20,11:44:06.806,[org.usfirst.frc.team5461.robot.AveragingJoystick] INFO,-0.03125,-0.03125,-0.0078125,-0.0078125
2016/12/20,11:44:06.825,[org.usfirst.frc.team5461.robot.AveragingJoystick] INFO,-0.03125,-0.03125,-0.0078125,-0.0078125
2016/12/20,11:44:06.846,[org.usfirst.frc.team5461.robot.AveragingJoystick] INFO,-0.03125,-0.03125,-0.0078125,-0.0078125
2016/12/20,11:44:06.866,[org.usfirst.frc.team5461.robot.AveragingJoystick] INFO,-0.03125,-0.03125,-0.0078125,-0.0078125
2016/12/20,11:44:06.885,[org.usfirst.frc.team5461.robot.AveragingJoystick] INFO,-0.03125,-0.03125,-0.0078125,-0.0078125
2016/12/20,11:44:06.905,[org.usfirst.frc.team5461.robot.AveragingJoystick] INFO,-0.03125,-0.03125,-0.0078125,-0.0078125
2016/12/20,11:44:06.925,[org.usfirst.frc.team5461.robot.AveragingJoystick] INFO,-0.03125,-0.03125,-0.0078125,-0.0078125
2016/12/20,11:44:06.945,[org.usfirst.frc.team5461.robot.AveragingJoystick] INFO,-0.03125,-0.03125,-0.0078125,-0.0078125
2016/12/20,11:44:06.966,[org.usfirst.frc.team5461.robot.AveragingJoystick] INFO,-0.03125,-0.03125,-0.0078125,-0.0078125
2016/12/20,11:44:06.986,[org.usfirst.frc.team5461.robot.AveragingJoystick] INFO,-0.03125,-0.03125,-0.0078125,-0.0078125
2016/12/20,11:44:07.006,[org.usfirst.frc.team5461.robot.AveragingJoystick] INFO,-0.03125,-0.03125,-0.0078125,-0.0078125
2016/12/20,11:44:07.026,[org.usfirst.frc.team5461.robot.AveragingJoystick] INFO,-0.03125,-0.03125,-0.0078125,-0.0078125
2016/12/20,11:44:07.045,[org.usfirst.frc.team5461.robot.AveragingJoystick] INFO,-0.03125,-0.03125,-0.0078125,-0.0078125
2016/12/20,11:44:07.065,[org.usfirst.frc.team5461.robot.AveragingJoystick] INFO,-0.03125,-0.03125,-0.0078125,-0.0078125
2016/12/20,11:44:07.085,[org.usfirst.frc.team5461.robot.AveragingJoystick] INFO,-0.03125,-0.03125,-0.0078125,-0.0078125
2016/12/20,11:44:07.106,[org.usfirst.frc.team5461.robot.AveragingJoystick] INFO,-0.03125,-0.03125,-0.0078125,-0.0078125
2016/12/20,11:44:07.125,[org.usfirst.frc.team5461.robot.AveragingJoystick] INFO,-0.03125,-0.03125,-0.0078125,-0.0078125
2016/12/20,11:44:07.145,[org.usfirst.frc.team5461.robot.AveragingJoystick] INFO,-0.03125,-0.03125,-0.0078125,-0.0078125
2016/12/20,11:44:07.165,[org.usfirst.frc.team5461.robot.AveragingJoystick] INFO,-0.03125,-0.03125,-0.0078125,-0.0078125
2016/12/20,11:44:07.185,[org.usfirst.frc.team5461.robot.AveragingJoystick] INFO,-0.03125,-0.03125,-0.0078125,-0.0078125
