2016/12/31,02:52:54.417,[org.usfirst.frc.team5461.robot.Robot] INFO,Starting robotInit
2016/12/31,02:53:08.352,[org.usfirst.frc.team5461.robot.AveragingJoystick] INFO,0.0,0.0,0.0,0.0
2016/12/31,02:53:08.366,[org.usfirst.frc.team5461.robot.AveragingJoystick] INFO,0.0,0.0,0.0,0.0
2016/12/31,02:53:08.386,[org.usfirst.frc.team5461.robot.AveragingJoystick] INFO,0.0,0.0,0.0,0.0
2016/12/31,02:53:08.406,[org.usfirst.frc.team5461.robot.AveragingJoystick] INFO,0.0,0.0,0.0,0.0
2016/12/31,02:53:08.426,[org.usfirst.frc.team5461.robot.AveragingJoystick] INFO,0.0,0.0,0.0,0.0
2016/12/31,02:53:08.446,[org.usfirst.frc.team5461.robot.AveragingJoystick] INFO,0.0,0.0,0.0,0.0
2016/12/31,02:53:08.465,[org.usfirst.frc.team5461.robot.AveragingJoystick] INFO,0.0,0.0,0.0,0.0
2016/12/31,02:53:08.486,[org.usfirst.frc.team5461.robot.AveragingJoystick] INFO,0.0,0.0,0.0,0.0
2016/12/31,02:53:08.506,[org.usfirst.frc.team5461.robot.AveragingJoystick] INFO,0.0,0.0,0.0,0.0
2016/12/31,02:53:08.525,[org.usfirst.frc.team5461.robot.AveragingJoystick] INFO,0.0,0.0,0.0,0.0
2016/12/31,02:53:08.546,[org.usfirst.frc.team5461.robot.AveragingJoystick] INFO,0.0,0.0,0.0,0.0
2016/12/31,02:53:08.566,[org.usfirst.frc.team5461.robot.AveragingJoystick] INFO,0.0,0.0,0.0,0.0
2016/12/31,02:53:08.586,[org.usfirst.frc.team5461.robot.AveragingJoystick] INFO,0.0,0.0,0.0,0.0
2016/12/31,02:53:08.605,[org.usfirst.frc.team5461.robot.AveragingJoystick] INFO,0.0,0.0,0.0,0.0
2016/12/31,02:53:08.625,[org.usfirst.frc.team5461.robot.AveragingJoystick] INFO,0.0,0.0,0.0,0.0
2016/12/31,02:53:08.644,[org.usfirst.frc.team5461.robot.AveragingJoystick] INFO,0.0,0.0,0.0,0.0
2016/12/31,02:53:08.665,[org.usfirst.frc.team5461.robot.AveragingJoystick] INFO,0.0,0.0,0.0,0.0
2016/12/31,02:53:08.685,[org.usfirst.frc.team5461.robot.AveragingJoystick] INFO,0.0,0.0,0.0,0.0
2016/12/31,02:53:08.705,[org.usfirst.frc.team5461.robot.AveragingJoystick] INFO,0.0,0.0,0.0,0.0
2016/12/31,02:53:08.725,[org.usfirst.frc.team5461.robot.AveragingJoystick] INFO,0.0,0.0,0.0,0.0
2016/12/31,02:53:08.745,[org.usfirst.frc.team5461.robot.AveragingJoystick] INFO,0.0,0.0,0.0,0.0
2016/12/31,02:53:08.765,[org.usfirst.frc.team5461.robot.AveragingJoystick] INFO,0.0,0.0,0.0,0.0
2016/12/31,02:53:08.785,[org.usfirst.frc.team5461.robot.AveragingJoystick] INFO,0.0,0.0,0.0,0.0
2016/12/31,02:53:08.805,[org.usfirst.frc.team5461.robot.AveragingJoystick] INFO,0.0,0.0,0.0,0.0
2016/12/31,02:53:08.826,[org.usfirst.frc.team5461.robot.AveragingJoystick] INFO,-0.1484375,-0.001484375,-0.0078125,-7.8125E-5
2016/12/31,02:53:08.845,[org.usfirst.frc.team5461.robot.AveragingJoystick] INFO,-0.3984375,-0.00546875,-0.0078125,-1.5625E-4
2016/12/31,02:53:08.865,[org.usfirst.frc.team5461.robot.AveragingJoystick] INFO,-0.7734375,-0.013203125,-0.0078125,-2.34375E-4
2016/12/31,02:53:08.885,[org.usfirst.frc.team5461.robot.AveragingJoystick] INFO,-1.0,-0.023203125,-0.0078125,-3.125E-4
2016/12/31,02:53:08.905,[org.usfirst.frc.team5461.robot.AveragingJoystick] INFO,-1.0,-0.033203125,-0.0078125,-3.90625E-4
2016/12/31,02:53:08.929,[org.usfirst.frc.team5461.robot.AveragingJoystick] INFO,-1.0,-0.043203125,-0.0078125,-4.6875E-4
2016/12/31,02:53:08.945,[org.usfirst.frc.team5461.robot.AveragingJoystick] INFO,-1.0,-0.053203125,-0.0078125,-5.46875E-4
2016/12/31,02:53:08.964,[org.usfirst.frc.team5461.robot.AveragingJoystick] INFO,-1.0,-0.063203125,-0.0078125,-6.25E-4
2016/12/31,02:53:08.986,[org.usfirst.frc.team5461.robot.AveragingJoystick] INFO,-1.0,-0.073203125,-0.0078125,-7.03125E-4
2016/12/31,02:53:09.006,[org.usfirst.frc.team5461.robot.AveragingJoystick] INFO,-1.0,-0.083203125,-0.0078125,-7.8125E-4
2016/12/31,02:53:09.024,[org.usfirst.frc.team5461.robot.AveragingJoystick] INFO,-1.0,-0.093203125,-0.0078125,-8.59375E-4
2016/12/31,02:53:09.045,[org.usfirst.frc.team5461.robot.AveragingJoystick] INFO,-1.0,-0.103203125,-0.0078125,-9.375E-4
2016/12/31,02:53:09.065,[org.usfirst.frc.team5461.robot.AveragingJoystick] INFO,-1.0,-0.113203125,-0.0078125,-0.001015625
2016/12/31,02:53:09.086,[org.usfirst.frc.team5461.robot.AveragingJoystick] INFO,-1.0,-0.123203125,-0.0078125,-0.00109375
2016/12/31,02:53:09.105,[org.usfirst.frc.team5461.robot.AveragingJoystick] INFO,-1.0,-0.133203125,-0.0078125,-0.001171875
2016/12/31,02:53:09.125,[org.usfirst.frc.team5461.robot.AveragingJoystick] INFO,-1.0,-0.143203125,-0.0078125,-0.00125
2016/12/31,02:53:09.145,[org.usfirst.frc.team5461.robot.AveragingJoystick] INFO,-1.0,-0.153203125,-0.0078125,-0.001328125
2016/12/31,02:53:09.165,[org.usfirst.frc.team5461.robot.AveragingJoystick] INFO,-1.0,-0.163203125,-0.0078125,-0.00140625
2016/12/31,02:53:09.185,[org.usfirst.frc.team5461.robot.AveragingJoystick] INFO,-1.0,-0.173203125,-0.0078125,-0.001484375
2016/12/31,02:53:09.205,[org.usfirst.frc.team5461.robot.AveragingJoystick] INFO,-1.0,-0.183203125,-0.0078125,-0.0015625
2016/12/31,02:53:09.225,[org.usfirst.frc.team5461.robot.AveragingJoystick] INFO,-1.0,-0.193203125,-0.0078125,-0.001640625
2016/12/31,02:53:09.245,[org.usfirst.frc.team5461.robot.AveragingJoystick] INFO,-1.0,-0.203203125,-0.0078125,-0.00171875
2016/12/31,02:53:09.265,[org.usfirst.frc.team5461.robot.AveragingJoystick] INFO,-1.0,-0.213203125,-0.0078125,-0.001796875
2016/12/31,02:53:09.284,[org.usfirst.frc.team5461.robot.AveragingJoystick] INFO,-1.0,-0.223203125,-0.0078125,-0.001875
2016/12/31,02:53:09.305,[org.usfirst.frc.team5461.robot.AveragingJoystick] INFO,-1.0,-0.233203125,-0.0078125,-0.001953125
2016/12/31,02:53:09.325,[org.usfirst.frc.team5461.robot.AveragingJoystick] INFO,-1.0,-0.243203125,-0.0078125,-0.00203125
2016/12/31,02:53:09.346,[org.usfirst.frc.team5461.robot.AveragingJoystick] INFO,-1.0,-0.253203125,-0.0078125,-0.002109375
2016/12/31,02:53:09.365,[org.usfirst.frc.team5461.robot.AveragingJoystick] INFO,-1.0,-0.263203125,-0.0078125,-0.0021875
2016/12/31,02:53:09.385,[org.usfirst.frc.team5461.robot.AveragingJoystick] INFO,-1.0,-0.273203125,-0.0078125,-0.002265625
2016/12/31,02:53:09.405,[org.usfirst.frc.team5461.robot.AveragingJoystick] INFO,-1.0,-0.283203125,-0.0078125,-0.00234375
2016/12/31,02:53:09.425,[org.usfirst.frc.team5461.robot.AveragingJoystick] INFO,-1.0,-0.293203125,-0.0078125,-0.002421875
2016/12/31,02:53:09.445,[org.usfirst.frc.team5461.robot.AveragingJoystick] INFO,-1.0,-0.303203125,-0.0078125,-0.0025
2016/12/31,02:53:09.465,[org.usfirst.frc.team5461.robot.AveragingJoystick] INFO,-1.0,-0.313203125,-0.0078125,-0.002578125
2016/12/31,02:53:09.485,[org.usfirst.frc.team5461.robot.AveragingJoystick] INFO,-1.0,-0.323203125,-0.0078125,-0.00265625
2016/12/31,02:53:09.505,[org.usfirst.frc.team5461.robot.AveragingJoystick] INFO,-1.0,-0.333203125,-0.0078125,-0.002734375
2016/12/31,02:53:09.525,[org.usfirst.frc.team5461.robot.AveragingJoystick] INFO,-1.0,-0.343203125,-0.0078125,-0.0028125
2016/12/31,02:53:09.545,[org.usfirst.frc.team5461.robot.AveragingJoystick] INFO,-1.0,-0.353203125,-0.0078125,-0.002890625
2016/12/31,02:53:09.566,[org.usfirst.frc.team5461.robot.AveragingJoystick] INFO,-1.0,-0.363203125,-0.0078125,-0.00296875
2016/12/31,02:53:09.585,[org.usfirst.frc.team5461.robot.AveragingJoystick] INFO,-1.0,-0.373203125,-0.0078125,-0.003046875
2016/12/31,02:53:09.605,[org.usfirst.frc.team5461.robot.AveragingJoystick] INFO,-1.0,-0.383203125,-0.0078125,-0.003125
2016/12/31,02:53:09.625,[org.usfirst.frc.team5461.robot.AveragingJoystick] INFO,-1.0,-0.393203125,-0.0078125,-0.003203125
2016/12/31,02:53:09.646,[org.usfirst.frc.team5461.robot.AveragingJoystick] INFO,-1.0,-0.403203125,-0.0078125,-0.00328125
2016/12/31,02:53:09.666,[org.usfirst.frc.team5461.robot.AveragingJoystick] INFO,-1.0,-0.413203125,-0.0078125,-0.003359375
2016/12/31,02:53:09.686,[org.usfirst.frc.team5461.robot.AveragingJoystick] INFO,-1.0,-0.423203125,-0.0078125,-0.0034375
2016/12/31,02:53:09.707,[org.usfirst.frc.team5461.robot.AveragingJoystick] INFO,-1.0,-0.433203125,-0.0078125,-0.003515625
2016/12/31,02:53:09.726,[org.usfirst.frc.team5461.robot.AveragingJoystick] INFO,-1.0,-0.443203125,-0.0078125,-0.00359375
2016/12/31,02:53:09.745,[org.usfirst.frc.team5461.robot.AveragingJoystick] INFO,-1.0,-0.453203125,-0.0078125,-0.003671875
2016/12/31,02:53:09.765,[org.usfirst.frc.team5461.robot.AveragingJoystick] INFO,-1.0,-0.463203125,-0.0078125,-0.00375
2016/12/31,02:53:09.786,[org.usfirst.frc.team5461.robot.AveragingJoystick] INFO,-1.0,-0.473203125,-0.0078125,-0.003828125
2016/12/31,02:53:09.806,[org.usfirst.frc.team5461.robot.AveragingJoystick] INFO,-1.0,-0.483203125,-0.0078125,-0.00390625
2016/12/31,02:53:09.824,[org.usfirst.frc.team5461.robot.AveragingJoystick] INFO,-1.0,-0.493203125,-0.0078125,-0.003984375
2016/12/31,02:53:09.844,[org.usfirst.frc.team5461.robot.AveragingJoystick] INFO,-1.0,-0.503203125,-0.0078125,-0.0040625
2016/12/31,02:53:09.865,[org.usfirst.frc.team5461.robot.AveragingJoystick] INFO,-1.0,-0.513203125,-0.0078125,-0.004140625
2016/12/31,02:53:09.885,[org.usfirst.frc.team5461.robot.AveragingJoystick] INFO,-0.8515625,-0.52171875,-0.0078125,-0.00421875
2016/12/31,02:53:09.905,[org.usfirst.frc.team5461.robot.AveragingJoystick] INFO,-0.4765625,-0.526484375,-0.0078125,-0.004296875
2016/12/31,02:53:09.924,[org.usfirst.frc.team5461.robot.AveragingJoystick] INFO,-0.2265625,-0.52875,-0.0078125,-0.004375
2016/12/31,02:53:09.944,[org.usfirst.frc.team5461.robot.AveragingJoystick] INFO,-0.0078125,-0.528828125,-0.0078125,-0.004453125
2016/12/31,02:53:09.965,[org.usfirst.frc.team5461.robot.AveragingJoystick] INFO,-0.0078125,-0.52890625,-0.0078125,-0.00453125
2016/12/31,02:53:09.985,[org.usfirst.frc.team5461.robot.AveragingJoystick] INFO,-0.0078125,-0.528984375,-0.0078125,-0.004609375
2016/12/31,02:53:10.005,[org.usfirst.frc.team5461.robot.AveragingJoystick] INFO,-0.0078125,-0.5290625,-0.0078125,-0.0046875
2016/12/31,02:53:10.025,[org.usfirst.frc.team5461.robot.AveragingJoystick] INFO,-0.0078125,-0.529140625,-0.0078125,-0.004765625
2016/12/31,02:53:10.044,[org.usfirst.frc.team5461.robot.AveragingJoystick] INFO,-0.0078125,-0.52921875,-0.0078125,-0.00484375
2016/12/31,02:53:10.065,[org.usfirst.frc.team5461.robot.AveragingJoystick] INFO,-0.0078125,-0.529296875,-0.0078125,-0.004921875
2016/12/31,02:53:10.085,[org.usfirst.frc.team5461.robot.AveragingJoystick] INFO,-0.0078125,-0.529375,-0.0078125,-0.005
2016/12/31,02:53:10.105,[org.usfirst.frc.team5461.robot.AveragingJoystick] INFO,-0.0078125,-0.529453125,-0.0078125,-0.005078125
2016/12/31,02:53:10.125,[org.usfirst.frc.team5461.robot.AveragingJoystick] INFO,-0.0078125,-0.52953125,-0.0078125,-0.00515625
2016/12/31,02:53:10.145,[org.usfirst.frc.team5461.robot.AveragingJoystick] INFO,-0.0078125,-0.529609375,-0.0078125,-0.005234375
2016/12/31,02:53:10.165,[org.usfirst.frc.team5461.robot.AveragingJoystick] INFO,-0.0078125,-0.5296875,-0.0078125,-0.0053125
2016/12/31,02:53:10.185,[org.usfirst.frc.team5461.robot.AveragingJoystick] INFO,-0.0078125,-0.529765625,-0.0078125,-0.005390625
2016/12/31,02:53:10.205,[org.usfirst.frc.team5461.robot.AveragingJoystick] INFO,-0.0078125,-0.52984375,-0.0078125,-0.00546875
2016/12/31,02:53:10.227,[org.usfirst.frc.team5461.robot.AveragingJoystick] INFO,-0.0078125,-0.529921875,-0.0078125,-0.005546875
2016/12/31,02:53:10.245,[org.usfirst.frc.team5461.robot.AveragingJoystick] INFO,-0.0078125,-0.53,-0.0078125,-0.005625
2016/12/31,02:53:10.265,[org.usfirst.frc.team5461.robot.AveragingJoystick] INFO,-0.0078125,-0.530078125,-0.0078125,-0.005703125
2016/12/31,02:53:10.284,[org.usfirst.frc.team5461.robot.AveragingJoystick] INFO,-0.0078125,-0.53015625,-0.0078125,-0.00578125
2016/12/31,02:53:10.304,[org.usfirst.frc.team5461.robot.AveragingJoystick] INFO,-0.0078125,-0.530234375,-0.0078125,-0.005859375
2016/12/31,02:53:10.325,[org.usfirst.frc.team5461.robot.AveragingJoystick] INFO,-0.0078125,-0.5303125,-0.0078125,-0.0059375
2016/12/31,02:53:10.344,[org.usfirst.frc.team5461.robot.AveragingJoystick] INFO,-0.0078125,-0.530390625,-0.0078125,-0.006015625
2016/12/31,02:53:10.364,[org.usfirst.frc.team5461.robot.AveragingJoystick] INFO,-0.0078125,-0.53046875,-0.0078125,-0.00609375
2016/12/31,02:53:10.384,[org.usfirst.frc.team5461.robot.AveragingJoystick] INFO,-0.0078125,-0.530546875,-0.0078125,-0.006171875
2016/12/31,02:53:10.405,[org.usfirst.frc.team5461.robot.AveragingJoystick] INFO,-0.0078125,-0.530625,-0.0078125,-0.00625
2016/12/31,02:53:10.425,[org.usfirst.frc.team5461.robot.AveragingJoystick] INFO,-0.0078125,-0.530703125,-0.0078125,-0.006328125
2016/12/31,02:53:10.445,[org.usfirst.frc.team5461.robot.AveragingJoystick] INFO,-0.0078125,-0.53078125,-0.0078125,-0.00640625
2016/12/31,02:53:10.466,[org.usfirst.frc.team5461.robot.AveragingJoystick] INFO,-0.0078125,-0.530859375,-0.0078125,-0.006484375
2016/12/31,02:53:10.485,[org.usfirst.frc.team5461.robot.AveragingJoystick] INFO,-0.0078125,-0.5309375,-0.0078125,-0.0065625
2016/12/31,02:53:10.506,[org.usfirst.frc.team5461.robot.AveragingJoystick] INFO,-0.0078125,-0.531015625,-0.0078125,-0.006640625
2016/12/31,02:53:10.524,[org.usfirst.frc.team5461.robot.AveragingJoystick] INFO,-0.0078125,-0.53109375,-0.0078125,-0.00671875
2016/12/31,02:53:10.545,[org.usfirst.frc.team5461.robot.AveragingJoystick] INFO,-0.0078125,-0.531171875,-0.0078125,-0.006796875
2016/12/31,02:53:10.565,[org.usfirst.frc.team5461.robot.AveragingJoystick] INFO,-0.0078125,-0.53125,-0.0078125,-0.006875
2016/12/31,02:53:10.585,[org.usfirst.frc.team5461.robot.AveragingJoystick] INFO,-0.0078125,-0.531328125,-0.0078125,-0.006953125
2016/12/31,02:53:10.605,[org.usfirst.frc.team5461.robot.AveragingJoystick] INFO,-0.0078125,-0.53140625,-0.0078125,-0.00703125
2016/12/31,02:53:10.625,[org.usfirst.frc.team5461.robot.AveragingJoystick] INFO,-0.0078125,-0.531484375,-0.0078125,-0.007109375
2016/12/31,02:53:10.645,[org.usfirst.frc.team5461.robot.AveragingJoystick] INFO,-0.0078125,-0.5315625,-0.0078125,-0.0071875
2016/12/31,02:53:10.666,[org.usfirst.frc.team5461.robot.AveragingJoystick] INFO,-0.0078125,-0.531640625,-0.0078125,-0.007265625
2016/12/31,02:53:10.685,[org.usfirst.frc.team5461.robot.AveragingJoystick] INFO,-0.0078125,-0.53171875,-0.0078125,-0.00734375
2016/12/31,02:53:10.705,[org.usfirst.frc.team5461.robot.AveragingJoystick] INFO,-0.0078125,-0.531796875,-0.0078125,-0.007421875
2016/12/31,02:53:10.725,[org.usfirst.frc.team5461.robot.AveragingJoystick] INFO,-0.0078125,-0.531875,-0.0078125,-0.0075
2016/12/31,02:53:10.745,[org.usfirst.frc.team5461.robot.AveragingJoystick] INFO,-0.0078125,-0.531953125,-0.0078125,-0.007578125
2016/12/31,02:53:10.765,[org.usfirst.frc.team5461.robot.AveragingJoystick] INFO,-0.0078125,-0.53203125,-0.0078125,-0.00765625
2016/12/31,02:53:10.786,[org.usfirst.frc.team5461.robot.AveragingJoystick] INFO,-0.0078125,-0.532109375,-0.0078125,-0.007734375
2016/12/31,02:53:10.805,[org.usfirst.frc.team5461.robot.AveragingJoystick] INFO,-0.0078125,-0.5321875,-0.0078125,-0.0078125
2016/12/31,02:53:10.825,[org.usfirst.frc.team5461.robot.AveragingJoystick] INFO,-0.0078125,-0.53078125,-0.0078125,-0.0078125
2016/12/31,02:53:10.845,[org.usfirst.frc.team5461.robot.AveragingJoystick] INFO,-0.0078125,-0.526875,-0.0078125,-0.0078125
2016/12/31,02:53:10.865,[org.usfirst.frc.team5461.robot.AveragingJoystick] INFO,-0.0078125,-0.51921875,-0.0078125,-0.0078125
2016/12/31,02:53:10.885,[org.usfirst.frc.team5461.robot.AveragingJoystick] INFO,0.0,-0.50921875,-0.0078125,-0.0078125
2016/12/31,02:53:10.905,[org.usfirst.frc.team5461.robot.AveragingJoystick] INFO,0.2125984251968504,-0.49709276574803146,-0.0078125,-0.0078125
2016/12/31,02:53:10.925,[org.usfirst.frc.team5461.robot.AveragingJoystick] INFO,0.4645669291338583,-0.48244709645669287,-0.0078125,-0.0078125
2016/12/31,02:53:10.945,[org.usfirst.frc.team5461.robot.AveragingJoystick] INFO,0.84251968503937,-0.4640218996062992,-0.0078125,-0.0078125
2016/12/31,02:53:10.965,[org.usfirst.frc.team5461.robot.AveragingJoystick] INFO,1.0,-0.4440218996062992,-0.0078125,-0.0078125
2016/12/31,02:53:10.985,[org.usfirst.frc.team5461.robot.AveragingJoystick] INFO,1.0,-0.4240218996062992,-0.0078125,-0.0078125
2016/12/31,02:53:11.005,[org.usfirst.frc.team5461.robot.AveragingJoystick] INFO,1.0,-0.4040218996062992,-0.0078125,-0.0078125
2016/12/31,02:53:11.025,[org.usfirst.frc.team5461.robot.AveragingJoystick] INFO,1.0,-0.3840218996062992,-0.0078125,-0.0078125
2016/12/31,02:53:11.045,[org.usfirst.frc.team5461.robot.AveragingJoystick] INFO,1.0,-0.36402189960629916,-0.0078125,-0.0078125
2016/12/31,02:53:11.065,[org.usfirst.frc.team5461.robot.AveragingJoystick] INFO,1.0,-0.3440218996062992,-0.0078125,-0.0078125
2016/12/31,02:53:11.085,[org.usfirst.frc.team5461.robot.AveragingJoystick] INFO,1.0,-0.3240218996062992,-0.0078125,-0.0078125
2016/12/31,02:53:11.105,[org.usfirst.frc.team5461.robot.AveragingJoystick] INFO,1.0,-0.3040218996062992,-0.0078125,-0.0078125
2016/12/31,02:53:11.125,[org.usfirst.frc.team5461.robot.AveragingJoystick] INFO,1.0,-0.2840218996062992,-0.0078125,-0.0078125
2016/12/31,02:53:11.145,[org.usfirst.frc.team5461.robot.AveragingJoystick] INFO,1.0,-0.26402189960629924,-0.0078125,-0.0078125
2016/12/31,02:53:11.165,[org.usfirst.frc.team5461.robot.AveragingJoystick] INFO,1.0,-0.24402189960629922,-0.0078125,-0.0078125
2016/12/31,02:53:11.185,[org.usfirst.frc.team5461.robot.AveragingJoystick] INFO,1.0,-0.22402189960629923,-0.0078125,-0.0078125
2016/12/31,02:53:11.205,[org.usfirst.frc.team5461.robot.AveragingJoystick] INFO,1.0,-0.2040218996062992,-0.0078125,-0.0078125
2016/12/31,02:53:11.225,[org.usfirst.frc.team5461.robot.AveragingJoystick] INFO,1.0,-0.18402189960629922,-0.0078125,-0.0078125
2016/12/31,02:53:11.245,[org.usfirst.frc.team5461.robot.AveragingJoystick] INFO,1.0,-0.16402189960629923,-0.0078125,-0.0078125
2016/12/31,02:53:11.265,[org.usfirst.frc.team5461.robot.AveragingJoystick] INFO,1.0,-0.14402189960629921,-0.0078125,-0.0078125
2016/12/31,02:53:11.286,[org.usfirst.frc.team5461.robot.AveragingJoystick] INFO,1.0,-0.12402189960629922,-0.0078125,-0.0078125
2016/12/31,02:53:11.305,[org.usfirst.frc.team5461.robot.AveragingJoystick] INFO,1.0,-0.10402189960629922,-0.0078125,-0.0078125
2016/12/31,02:53:11.325,[org.usfirst.frc.team5461.robot.AveragingJoystick] INFO,1.0,-0.08402189960629922,-0.0078125,-0.0078125
2016/12/31,02:53:11.345,[org.usfirst.frc.team5461.robot.AveragingJoystick] INFO,1.0,-0.06402189960629921,-0.0078125,-0.0078125
2016/12/31,02:53:11.365,[org.usfirst.frc.team5461.robot.AveragingJoystick] INFO,1.0,-0.044021899606299215,-0.0078125,-0.0078125
2016/12/31,02:53:11.385,[org.usfirst.frc.team5461.robot.AveragingJoystick] INFO,1.0,-0.02402189960629921,-0.0078125,-0.0078125
2016/12/31,02:53:11.405,[org.usfirst.frc.team5461.robot.AveragingJoystick] INFO,1.0,-0.004021899606299213,-0.0078125,-0.0078125
2016/12/31,02:53:11.425,[org.usfirst.frc.team5461.robot.AveragingJoystick] INFO,1.0,0.015978100393700786,-0.0078125,-0.0078125
2016/12/31,02:53:11.445,[org.usfirst.frc.team5461.robot.AveragingJoystick] INFO,1.0,0.035978100393700786,-0.0078125,-0.0078125
2016/12/31,02:53:11.466,[org.usfirst.frc.team5461.robot.AveragingJoystick] INFO,1.0,0.05597810039370079,-0.0078125,-0.0078125
2016/12/31,02:53:11.486,[org.usfirst.frc.team5461.robot.AveragingJoystick] INFO,1.0,0.07597810039370079,-0.0078125,-0.0078125
2016/12/31,02:53:11.505,[org.usfirst.frc.team5461.robot.AveragingJoystick] INFO,1.0,0.09597810039370078,-0.0078125,-0.0078125
2016/12/31,02:53:11.525,[org.usfirst.frc.team5461.robot.AveragingJoystick] INFO,1.0,0.11597810039370078,-0.0078125,-0.0078125
2016/12/31,02:53:11.545,[org.usfirst.frc.team5461.robot.AveragingJoystick] INFO,1.0,0.13597810039370078,-0.0078125,-0.0078125
2016/12/31,02:53:11.565,[org.usfirst.frc.team5461.robot.AveragingJoystick] INFO,1.0,0.15597810039370077,-0.0078125,-0.0078125
2016/12/31,02:53:11.585,[org.usfirst.frc.team5461.robot.AveragingJoystick] INFO,1.0,0.17597810039370076,-0.0078125,-0.0078125
2016/12/31,02:53:11.605,[org.usfirst.frc.team5461.robot.AveragingJoystick] INFO,1.0,0.19597810039370078,-0.0078125,-0.0078125
2016/12/31,02:53:11.625,[org.usfirst.frc.team5461.robot.AveragingJoystick] INFO,1.0,0.21597810039370077,-0.0078125,-0.0078125
2016/12/31,02:53:11.645,[org.usfirst.frc.team5461.robot.AveragingJoystick] INFO,1.0,0.2359781003937008,-0.0078125,-0.0078125
2016/12/31,02:53:11.665,[org.usfirst.frc.team5461.robot.AveragingJoystick] INFO,1.0,0.2559781003937008,-0.0078125,-0.0078125
2016/12/31,02:53:11.684,[org.usfirst.frc.team5461.robot.AveragingJoystick] INFO,1.0,0.2759781003937008,-0.0078125,-0.0078125
2016/12/31,02:53:11.704,[org.usfirst.frc.team5461.robot.AveragingJoystick] INFO,1.0,0.29597810039370076,-0.0078125,-0.0078125
2016/12/31,02:53:11.725,[org.usfirst.frc.team5461.robot.AveragingJoystick] INFO,1.0,0.3159781003937008,-0.0078125,-0.0078125
2016/12/31,02:53:11.745,[org.usfirst.frc.team5461.robot.AveragingJoystick] INFO,1.0,0.3359781003937008,-0.0078125,-0.0078125
2016/12/31,02:53:11.765,[org.usfirst.frc.team5461.robot.AveragingJoystick] INFO,1.0,0.3559781003937008,-0.0078125,-0.0078125
2016/12/31,02:53:11.785,[org.usfirst.frc.team5461.robot.AveragingJoystick] INFO,1.0,0.37597810039370083,-0.0078125,-0.0078125
2016/12/31,02:53:11.805,[org.usfirst.frc.team5461.robot.AveragingJoystick] INFO,1.0,0.3959781003937008,-0.0078125,-0.0078125
2016/12/31,02:53:11.826,[org.usfirst.frc.team5461.robot.AveragingJoystick] INFO,1.0,0.4159781003937008,-0.0078125,-0.0078125
2016/12/31,02:53:11.845,[org.usfirst.frc.team5461.robot.AveragingJoystick] INFO,1.0,0.43597810039370083,-0.0078125,-0.0078125
2016/12/31,02:53:11.865,[org.usfirst.frc.team5461.robot.AveragingJoystick] INFO,1.0,0.4559781003937008,-0.0078125,-0.0078125
2016/12/31,02:53:11.885,[org.usfirst.frc.team5461.robot.AveragingJoystick] INFO,1.0,0.4744937253937008,-0.0078125,-0.0078125
2016/12/31,02:53:11.905,[org.usfirst.frc.team5461.robot.AveragingJoystick] INFO,1.0,0.48925935039370083,-0.0078125,-0.0078125
2016/12/31,02:53:11.925,[org.usfirst.frc.team5461.robot.AveragingJoystick] INFO,1.0,0.5015249753937008,-0.0078125,-0.0078125
2016/12/31,02:53:11.945,[org.usfirst.frc.team5461.robot.AveragingJoystick] INFO,1.0,0.5116031003937008,-0.0078125,-0.0078125
2016/12/31,02:53:11.965,[org.usfirst.frc.team5461.robot.AveragingJoystick] INFO,1.0,0.5216812253937008,-0.0078125,-0.0078125
2016/12/31,02:53:11.986,[org.usfirst.frc.team5461.robot.AveragingJoystick] INFO,1.0,0.5317593503937008,-0.0078125,-0.0078125
2016/12/31,02:53:12.005,[org.usfirst.frc.team5461.robot.AveragingJoystick] INFO,0.6220472440944882,0.5380579478346457,-0.0078125,-0.0078125
2016/12/31,02:53:12.025,[org.usfirst.frc.team5461.robot.AveragingJoystick] INFO,0.23622047244094488,0.5404982775590551,-0.0078125,-0.0078125
2016/12/31,02:53:12.045,[org.usfirst.frc.team5461.robot.AveragingJoystick] INFO,-0.03125,0.5402639025590551,-0.0078125,-0.0078125
2016/12/31,02:53:12.065,[org.usfirst.frc.team5461.robot.AveragingJoystick] INFO,-0.03125,0.5400295275590551,-0.0078125,-0.0078125
2016/12/31,02:53:12.086,[org.usfirst.frc.team5461.robot.AveragingJoystick] INFO,-0.03125,0.5397951525590551,-0.0078125,-0.0078125
2016/12/31,02:53:12.106,[org.usfirst.frc.team5461.robot.AveragingJoystick] INFO,-0.03125,0.5395607775590551,-0.0078125,-0.0078125
2016/12/31,02:53:12.126,[org.usfirst.frc.team5461.robot.AveragingJoystick] INFO,-0.03125,0.5393264025590551,-0.0078125,-0.0078125
2016/12/31,02:53:12.145,[org.usfirst.frc.team5461.robot.AveragingJoystick] INFO,-0.03125,0.5390920275590552,-0.0078125,-0.0078125
2016/12/31,02:53:12.165,[org.usfirst.frc.team5461.robot.AveragingJoystick] INFO,-0.03125,0.5388576525590552,-0.0078125,-0.0078125
2016/12/31,02:53:12.185,[org.usfirst.frc.team5461.robot.AveragingJoystick] INFO,-0.03125,0.5386232775590551,-0.0078125,-0.0078125
2016/12/31,02:53:12.205,[org.usfirst.frc.team5461.robot.AveragingJoystick] INFO,-0.03125,0.5383889025590551,-0.0078125,-0.0078125
2016/12/31,02:53:12.225,[org.usfirst.frc.team5461.robot.AveragingJoystick] INFO,-0.03125,0.5381545275590551,-0.0078125,-0.0078125
2016/12/31,02:53:12.245,[org.usfirst.frc.team5461.robot.AveragingJoystick] INFO,-0.03125,0.5379201525590551,-0.0078125,-0.0078125
2016/12/31,02:53:12.265,[org.usfirst.frc.team5461.robot.AveragingJoystick] INFO,-0.03125,0.5376857775590551,-0.0078125,-0.0078125
2016/12/31,02:53:12.285,[org.usfirst.frc.team5461.robot.AveragingJoystick] INFO,-0.03125,0.5374514025590551,-0.0078125,-0.0078125
2016/12/31,02:53:12.305,[org.usfirst.frc.team5461.robot.AveragingJoystick] INFO,-0.03125,0.5372170275590551,-0.0078125,-0.0078125
2016/12/31,02:53:12.325,[org.usfirst.frc.team5461.robot.AveragingJoystick] INFO,-0.03125,0.5369826525590551,-0.0078125,-0.0078125
2016/12/31,02:53:12.345,[org.usfirst.frc.team5461.robot.AveragingJoystick] INFO,-0.03125,0.5367482775590551,-0.0078125,-0.0078125
2016/12/31,02:53:12.365,[org.usfirst.frc.team5461.robot.AveragingJoystick] INFO,-0.03125,0.5365139025590551,-0.0078125,-0.0078125
2016/12/31,02:53:12.385,[org.usfirst.frc.team5461.robot.AveragingJoystick] INFO,-0.03125,0.5362795275590551,-0.0078125,-0.0078125
2016/12/31,02:53:12.406,[org.usfirst.frc.team5461.robot.AveragingJoystick] INFO,-0.03125,0.5360451525590552,-0.0078125,-0.0078125
2016/12/31,02:53:12.425,[org.usfirst.frc.team5461.robot.AveragingJoystick] INFO,-0.03125,0.5358107775590552,-0.0078125,-0.0078125
2016/12/31,02:53:12.446,[org.usfirst.frc.team5461.robot.AveragingJoystick] INFO,-0.03125,0.5355764025590551,-0.0078125,-0.0078125
2016/12/31,02:53:12.466,[org.usfirst.frc.team5461.robot.AveragingJoystick] INFO,-0.03125,0.5353420275590551,-0.0078125,-0.0078125
2016/12/31,02:53:12.485,[org.usfirst.frc.team5461.robot.AveragingJoystick] INFO,-0.03125,0.5351076525590551,-0.0078125,-0.0078125
2016/12/31,02:53:12.505,[org.usfirst.frc.team5461.robot.AveragingJoystick] INFO,-0.03125,0.5348732775590551,-0.0078125,-0.0078125
2016/12/31,02:53:12.525,[org.usfirst.frc.team5461.robot.AveragingJoystick] INFO,-0.03125,0.5346389025590551,-0.0078125,-0.0078125
2016/12/31,02:53:12.545,[org.usfirst.frc.team5461.robot.AveragingJoystick] INFO,-0.03125,0.5344045275590551,-0.0078125,-0.0078125
2016/12/31,02:53:12.565,[org.usfirst.frc.team5461.robot.AveragingJoystick] INFO,-0.03125,0.5341701525590551,-0.0078125,-0.0078125
2016/12/31,02:53:12.585,[org.usfirst.frc.team5461.robot.AveragingJoystick] INFO,-0.03125,0.5339357775590551,-0.0078125,-0.0078125
2016/12/31,02:53:12.605,[org.usfirst.frc.team5461.robot.AveragingJoystick] INFO,-0.03125,0.5337014025590551,-0.0078125,-0.0078125
2016/12/31,02:53:12.625,[org.usfirst.frc.team5461.robot.AveragingJoystick] INFO,-0.03125,0.5334670275590551,-0.0078125,-0.0078125
2016/12/31,02:53:12.645,[org.usfirst.frc.team5461.robot.AveragingJoystick] INFO,-0.03125,0.5332326525590552,-0.0078125,-0.0078125
2016/12/31,02:53:12.665,[org.usfirst.frc.team5461.robot.AveragingJoystick] INFO,-0.03125,0.5329982775590552,-0.0078125,-0.0078125
2016/12/31,02:53:12.685,[org.usfirst.frc.team5461.robot.AveragingJoystick] INFO,-0.03125,0.5327639025590551,-0.0078125,-0.0078125
2016/12/31,02:53:12.706,[org.usfirst.frc.team5461.robot.AveragingJoystick] INFO,-0.03125,0.5325295275590551,-0.0078125,-0.0078125
2016/12/31,02:53:12.725,[org.usfirst.frc.team5461.robot.AveragingJoystick] INFO,-0.03125,0.5322951525590551,-0.0078125,-0.0078125
2016/12/31,02:53:12.745,[org.usfirst.frc.team5461.robot.AveragingJoystick] INFO,-0.03125,0.5320607775590551,-0.0078125,-0.0078125
2016/12/31,02:53:12.765,[org.usfirst.frc.team5461.robot.AveragingJoystick] INFO,-0.03125,0.5318264025590551,-0.0078125,-0.0078125
2016/12/31,02:53:12.785,[org.usfirst.frc.team5461.robot.AveragingJoystick] INFO,-0.03125,0.5315920275590551,-0.0078125,-0.0078125
2016/12/31,02:53:12.805,[org.usfirst.frc.team5461.robot.AveragingJoystick] INFO,-0.03125,0.5313576525590551,-0.0078125,-0.0078125
2016/12/31,02:53:12.825,[org.usfirst.frc.team5461.robot.AveragingJoystick] INFO,-0.03125,0.5311232775590551,-0.0078125,-0.0078125
2016/12/31,02:53:12.845,[org.usfirst.frc.team5461.robot.AveragingJoystick] INFO,-0.03125,0.5308889025590551,-0.0078125,-0.0078125
2016/12/31,02:53:12.865,[org.usfirst.frc.team5461.robot.AveragingJoystick] INFO,-0.03125,0.5306545275590551,-0.0078125,-0.0078125
2016/12/31,02:53:12.886,[org.usfirst.frc.team5461.robot.AveragingJoystick] INFO,-0.03125,0.5303420275590551,-0.0078125,-0.0078125
2016/12/31,02:53:12.905,[org.usfirst.frc.team5461.robot.AveragingJoystick] INFO,-0.03125,0.5279035433070866,-0.0078125,-0.0078125
2016/12/31,02:53:12.925,[org.usfirst.frc.team5461.robot.AveragingJoystick] INFO,-0.03125,0.522945374015748,-0.0078125,-0.0078125
2016/12/31,02:53:12.945,[org.usfirst.frc.team5461.robot.AveragingJoystick] INFO,-0.03125,0.5142076771653543,-0.0078125,-0.0078125
2016/12/31,02:53:12.965,[org.usfirst.frc.team5461.robot.AveragingJoystick] INFO,-0.03125,0.5038951771653543,-0.0078125,-0.0078125
2016/12/31,02:53:12.986,[org.usfirst.frc.team5461.robot.AveragingJoystick] INFO,-0.03125,0.4935826771653543,-0.0078125,-0.0078125
2016/12/31,02:53:13.005,[org.usfirst.frc.team5461.robot.AveragingJoystick] INFO,-0.03125,0.4832701771653543,-0.0078125,-0.0078125
2016/12/31,02:53:13.025,[org.usfirst.frc.team5461.robot.AveragingJoystick] INFO,-0.03125,0.4729576771653543,-0.0078125,-0.0078125
2016/12/31,02:53:13.045,[org.usfirst.frc.team5461.robot.AveragingJoystick] INFO,-0.03125,0.4626451771653543,-0.0078125,-0.0078125
2016/12/31,02:53:13.065,[org.usfirst.frc.team5461.robot.AveragingJoystick] INFO,-0.03125,0.4523326771653543,-0.0078125,-0.0078125
2016/12/31,02:53:13.085,[org.usfirst.frc.team5461.robot.AveragingJoystick] INFO,-0.03125,0.4420201771653543,-0.0078125,-0.0078125
2016/12/31,02:53:13.105,[org.usfirst.frc.team5461.robot.AveragingJoystick] INFO,-0.03125,0.4317076771653543,-0.0078125,-0.0078125
2016/12/31,02:53:13.126,[org.usfirst.frc.team5461.robot.AveragingJoystick] INFO,-0.03125,0.4213951771653543,-0.0078125,-0.0078125
2016/12/31,02:53:13.145,[org.usfirst.frc.team5461.robot.AveragingJoystick] INFO,-0.03125,0.4110826771653543,-0.0078125,-0.0078125
2016/12/31,02:53:13.166,[org.usfirst.frc.team5461.robot.AveragingJoystick] INFO,-0.03125,0.4007701771653543,-0.0078125,-0.0078125
2016/12/31,02:53:13.185,[org.usfirst.frc.team5461.robot.AveragingJoystick] INFO,-0.03125,0.3904576771653543,-0.0078125,-0.0078125
2016/12/31,02:53:13.205,[org.usfirst.frc.team5461.robot.AveragingJoystick] INFO,-0.03125,0.3801451771653543,-0.0078125,-0.0078125
2016/12/31,02:53:13.225,[org.usfirst.frc.team5461.robot.AveragingJoystick] INFO,-0.03125,0.3698326771653543,-0.0078125,-0.0078125
2016/12/31,02:53:13.245,[org.usfirst.frc.team5461.robot.AveragingJoystick] INFO,-0.03125,0.3595201771653543,-0.0078125,-0.0078125
2016/12/31,02:53:13.265,[org.usfirst.frc.team5461.robot.AveragingJoystick] INFO,-0.03125,0.3492076771653543,-0.0078125,-0.0078125
2016/12/31,02:53:13.285,[org.usfirst.frc.team5461.robot.AveragingJoystick] INFO,-0.03125,0.3388951771653543,-0.0078125,-0.0078125
2016/12/31,02:53:13.305,[org.usfirst.frc.team5461.robot.AveragingJoystick] INFO,-0.03125,0.3285826771653543,-0.0078125,-0.0078125
2016/12/31,02:53:13.325,[org.usfirst.frc.team5461.robot.AveragingJoystick] INFO,-0.03125,0.31827017716535433,-0.0078125,-0.0078125
2016/12/31,02:53:13.345,[org.usfirst.frc.team5461.robot.AveragingJoystick] INFO,-0.03125,0.3079576771653543,-0.0078125,-0.0078125
2016/12/31,02:53:13.365,[org.usfirst.frc.team5461.robot.AveragingJoystick] INFO,-0.03125,0.2976451771653543,-0.0078125,-0.0078125
2016/12/31,02:53:13.385,[org.usfirst.frc.team5461.robot.AveragingJoystick] INFO,-0.03125,0.2873326771653543,-0.0078125,-0.0078125
2016/12/31,02:53:13.405,[org.usfirst.frc.team5461.robot.AveragingJoystick] INFO,-0.03125,0.2770201771653543,-0.0078125,-0.0078125
2016/12/31,02:53:13.426,[org.usfirst.frc.team5461.robot.AveragingJoystick] INFO,-0.03125,0.2667076771653543,-0.0078125,-0.0078125
2016/12/31,02:53:13.445,[org.usfirst.frc.team5461.robot.AveragingJoystick] INFO,-0.03125,0.2563951771653543,-0.0078125,-0.0078125
2016/12/31,02:53:13.466,[org.usfirst.frc.team5461.robot.AveragingJoystick] INFO,-0.03125,0.24608267716535434,-0.0078125,-0.0078125
2016/12/31,02:53:13.485,[org.usfirst.frc.team5461.robot.AveragingJoystick] INFO,-0.03125,0.23577017716535434,-0.0078125,-0.0078125
2016/12/31,02:53:13.505,[org.usfirst.frc.team5461.robot.AveragingJoystick] INFO,-0.03125,0.22545767716535434,-0.0078125,-0.0078125
2016/12/31,02:53:13.525,[org.usfirst.frc.team5461.robot.AveragingJoystick] INFO,-0.03125,0.21514517716535433,-0.0078125,-0.0078125
2016/12/31,02:53:13.545,[org.usfirst.frc.team5461.robot.AveragingJoystick] INFO,-0.03125,0.20483267716535433,-0.0078125,-0.0078125
2016/12/31,02:53:13.565,[org.usfirst.frc.team5461.robot.AveragingJoystick] INFO,-0.03125,0.19452017716535433,-0.0078125,-0.0078125
2016/12/31,02:53:13.585,[org.usfirst.frc.team5461.robot.AveragingJoystick] INFO,-0.03125,0.18420767716535433,-0.0078125,-0.0078125
2016/12/31,02:53:13.605,[org.usfirst.frc.team5461.robot.AveragingJoystick] INFO,-0.03125,0.17389517716535433,-0.0078125,-0.0078125
2016/12/31,02:53:13.625,[org.usfirst.frc.team5461.robot.AveragingJoystick] INFO,-0.03125,0.16358267716535432,-0.0078125,-0.0078125
2016/12/31,02:53:13.645,[org.usfirst.frc.team5461.robot.AveragingJoystick] INFO,-0.03125,0.15327017716535432,-0.0078125,-0.0078125
2016/12/31,02:53:13.665,[org.usfirst.frc.team5461.robot.AveragingJoystick] INFO,-0.03125,0.14295767716535435,-0.0078125,-0.0078125
2016/12/31,02:53:13.686,[org.usfirst.frc.team5461.robot.AveragingJoystick] INFO,-0.03125,0.13264517716535434,-0.0078125,-0.0078125
2016/12/31,02:53:13.705,[org.usfirst.frc.team5461.robot.AveragingJoystick] INFO,-0.03125,0.12233267716535433,-0.0078125,-0.0078125
